time=2025-11-02T22:39:44.842+11:00 level=INFO msg="checking for pulumi" path=/home/michael/.config/sst/bin/pulumi
time=2025-11-02T22:39:44.931+11:00 level=INFO msg="checking for bun" path=/home/michael/.config/sst/bin/bun
time=2025-11-02T22:39:44.932+11:00 level=INFO msg="initializing project" version=3.17.21
time=2025-11-02T22:39:44.932+11:00 level=INFO msg="esbuild building" out=/home/michael/markdown-editor/.sst/platform/sst.config.1762083584932.mjs
time=2025-11-02T22:39:44.935+11:00 level=INFO msg="esbuild built" outfile=/home/michael/markdown-editor/.sst/platform/sst.config.1762083584932.mjs
time=2025-11-02T22:39:44.935+11:00 level=INFO msg="evaluating config"
time=2025-11-02T22:39:44.953+11:00 level=INFO msg="config evaluated"
time=2025-11-02T22:39:44.953+11:00 level=INFO msg="checking platform"
time=2025-11-02T22:39:44.953+11:00 level=INFO msg="loading home"
time=2025-11-02T22:39:44.953+11:00 level=INFO msg="aws credentials found" region=ap-southeast-2 profile=default
time=2025-11-02T22:39:44.953+11:00 level=INFO msg="fetching bootstrap"
time=2025-11-02T22:39:45.058+11:00 level=INFO msg="found existing bootstrap" data="{\"version\":5,\"asset\":\"sst-asset-vbdurbzbbtdh\",\"assetEcrRegistryId\":\"481588845003\",\"assetEcrUrl\":\"481588845003.dkr.ecr.ap-southeast-2.amazonaws.com/sst-asset\",\"state\":\"sst-state-vbdurbzbbtdh\",\"appsyncHttp\":\"\",\"appsyncRealtime\":\"\"}"
time=2025-11-02T22:39:45.058+11:00 level=INFO msg="loaded config" app=chain-enhance stage=michael
time=2025-11-02T22:39:45.058+11:00 level=INFO msg=mosaic project=/home/michael/markdown-editor
time=2025-11-02T22:39:45.058+11:00 level=INFO msg="server port assigned" port=13557
time=2025-11-02T22:39:45.058+11:00 level=INFO msg="starting watcher" service=watcher root=/home/michael/markdown-editor
time=2025-11-02T22:39:45.058+11:00 level=INFO msg=starting service=dev
time=2025-11-02T22:39:45.058+11:00 level=INFO msg=watching service=watcher path=/home/michael/markdown-editor
time=2025-11-02T22:39:45.058+11:00 level=INFO msg=starting service=deployer
time=2025-11-02T22:39:45.058+11:00 level=INFO msg=starting service=server
time=2025-11-02T22:39:45.058+11:00 level=INFO msg=watching service=watcher path=/home/michael/markdown-editor/dist
time=2025-11-02T22:39:45.058+11:00 level=INFO msg=watching service=watcher path=/home/michael/markdown-editor/dist/editor
time=2025-11-02T22:39:45.058+11:00 level=INFO msg="waiting for trigger" service=deployer
time=2025-11-02T22:39:45.059+11:00 level=INFO msg=watching service=watcher path=/home/michael/markdown-editor/dist/editor/controller
time=2025-11-02T22:39:45.059+11:00 level=INFO msg=watching service=watcher path=/home/michael/markdown-editor/dist/editor/keymap
time=2025-11-02T22:39:45.059+11:00 level=INFO msg=watching service=watcher path=/home/michael/markdown-editor/dist/editor/plugins
time=2025-11-02T22:39:45.058+11:00 level=INFO msg="getting endpoint"
time=2025-11-02T22:39:45.059+11:00 level=INFO msg=watching service=watcher path=/home/michael/markdown-editor/dist/editor/rules
time=2025-11-02T22:39:45.059+11:00 level=INFO msg=watching service=watcher path=/home/michael/markdown-editor/dist/editor/schema
time=2025-11-02T22:39:45.059+11:00 level=INFO msg=watching service=watcher path=/home/michael/markdown-editor/dist/editor/tasks
time=2025-11-02T22:39:45.059+11:00 level=INFO msg=watching service=watcher path=/home/michael/markdown-editor/dist/editor/utils
time=2025-11-02T22:39:45.059+11:00 level=INFO msg=watching service=watcher path=/home/michael/markdown-editor/dist/styles
time=2025-11-02T22:39:45.059+11:00 level=INFO msg=watching service=watcher path=/home/michael/markdown-editor/dist/types
time=2025-11-02T22:39:45.059+11:00 level=INFO msg=server service=server addr=0.0.0.0:13557
time=2025-11-02T22:39:45.059+11:00 level=INFO msg=watching service=watcher path=/home/michael/markdown-editor/src
time=2025-11-02T22:39:45.059+11:00 level=INFO msg=watching service=watcher path=/home/michael/markdown-editor/src/lib
time=2025-11-02T22:39:45.059+11:00 level=INFO msg=watching service=watcher path=/home/michael/markdown-editor/src/lib/editor
time=2025-11-02T22:39:45.059+11:00 level=INFO msg=watching service=watcher path=/home/michael/markdown-editor/src/lib/editor/controller
time=2025-11-02T22:39:45.059+11:00 level=INFO msg=watching service=watcher path=/home/michael/markdown-editor/src/lib/editor/keymap
time=2025-11-02T22:39:45.059+11:00 level=INFO msg=watching service=watcher path=/home/michael/markdown-editor/src/lib/editor/plugins
time=2025-11-02T22:39:45.059+11:00 level=INFO msg=watching service=watcher path=/home/michael/markdown-editor/src/lib/editor/rules
time=2025-11-02T22:39:45.059+11:00 level=INFO msg=watching service=watcher path=/home/michael/markdown-editor/src/lib/editor/schema
time=2025-11-02T22:39:45.059+11:00 level=INFO msg=watching service=watcher path=/home/michael/markdown-editor/src/lib/editor/tasks
time=2025-11-02T22:39:45.059+11:00 level=INFO msg=watching service=watcher path=/home/michael/markdown-editor/src/lib/editor/utils
time=2025-11-02T22:39:45.059+11:00 level=INFO msg=watching service=watcher path=/home/michael/markdown-editor/src/lib/styles
time=2025-11-02T22:39:45.059+11:00 level=INFO msg=watching service=watcher path=/home/michael/markdown-editor/src/lib/types
time=2025-11-02T22:39:45.059+11:00 level=INFO msg=watching service=watcher path=/home/michael/markdown-editor/src/routes
time=2025-11-02T22:39:45.059+11:00 level=INFO msg=watching service=watcher path=/home/michael/markdown-editor/static
time=2025-11-02T22:39:45.060+11:00 level=INFO msg=resize
time=2025-11-02T22:39:45.192+11:00 level=INFO msg=subscribed service=dev addr=127.0.0.1:60050
time=2025-11-02T22:39:45.192+11:00 level=INFO msg="deploy requested" service=dev
time=2025-11-02T22:39:45.192+11:00 level=INFO msg=deploying service=deployer
time=2025-11-02T22:39:45.192+11:00 level=INFO msg="running stack command" service=project.run cmd=deploy
time=2025-11-02T22:39:45.192+11:00 level=INFO msg="INFO locking app=chain-enhance stage=michael"
time=2025-11-02T22:39:45.192+11:00 level=INFO msg="INFO getting data key=lock app=chain-enhance stage=michael"
time=2025-11-02T22:39:45.200+11:00 level=INFO msg=subscribed service=dev addr=127.0.0.1:60058
time=2025-11-02T22:39:45.321+11:00 level=INFO msg="found appsync" rest=hf7hdbeyubgtlp4n4xvvvo6ywy.appsync-api.ap-southeast-2.amazonaws.com realtime=hf7hdbeyubgtlp4n4xvvvo6ywy.appsync-realtime-api.ap-southeast-2.amazonaws.com
time=2025-11-02T22:39:45.321+11:00 level=INFO msg="checking if appsync is ready"
time=2025-11-02T22:39:45.377+11:00 level=INFO msg="INFO putting update app=chain-enhance stage=michael"
time=2025-11-02T22:39:45.379+11:00 level=INFO msg="INFO connecting service=appsync.connection"
time=2025-11-02T22:39:45.471+11:00 level=INFO msg="INFO getting passphrase app=chain-enhance stage=michael"
time=2025-11-02T22:39:45.483+11:00 level=INFO msg="INFO connect message service=appsync.connection msg=\"map[connectionTimeoutMs:300000 type:connection_ack]\""
time=2025-11-02T22:39:45.483+11:00 level=INFO msg="subscribing to" prefix=/sst/chain-enhance/michael/in
time=2025-11-02T22:39:45.483+11:00 level=INFO msg="INFO msg service=appsync.connection type=ka id=<nil>"
time=2025-11-02T22:39:45.568+11:00 level=INFO msg="INFO pulling state app=chain-enhance stage=michael out=/home/michael/markdown-editor/.sst/pulumi/fe65bba2435762d7b01946b1/.pulumi/stacks/chain-enhance/michael.json"
time=2025-11-02T22:39:45.594+11:00 level=INFO msg="INFO msg service=appsync.connection type=subscribe_success id=019a445dbdcbfb2ebb277060"
time=2025-11-02T22:39:45.594+11:00 level=INFO msg="INFO subscribed service=appsync.connection channel=/sst/chain-enhance/michael/in id=019a445dbdcbfb2ebb277060"
time=2025-11-02T22:39:45.594+11:00 level=INFO msg=starting service=aws.task
time=2025-11-02T22:39:45.847+11:00 level=INFO msg="got previous deployment" service=project.run updateID=fe65bba2435762d7b01946b1
time=2025-11-02T22:39:45.847+11:00 level=INFO msg="esbuild building" out=/home/michael/markdown-editor/.sst/platform/sst.config.1762083585568.mjs
time=2025-11-02T22:39:45.876+11:00 level=INFO msg="esbuild built" outfile=/home/michael/markdown-editor/.sst/platform/sst.config.1762083585568.mjs
time=2025-11-02T22:39:45.882+11:00 level=INFO msg="built sst.config.ts" service=project.run updateID=fe65bba2435762d7b01946b1 to=/home/michael/markdown-editor/.sst/platform/sst.config.1762083585568.mjs
time=2025-11-02T22:39:45.885+11:00 level=INFO msg="tracked files" service=project.run updateID=fe65bba2435762d7b01946b1
time=2025-11-02T22:39:45.885+11:00 level=INFO msg="INFO getting data key=secret app=chain-enhance stage=_fallback"
time=2025-11-02T22:39:45.885+11:00 level=INFO msg="INFO getting data key=secret app=chain-enhance stage=michael"
time=2025-11-02T22:39:45.960+11:00 level=INFO msg="starting pulumi" service=project.run updateID=fe65bba2435762d7b01946b1 args="[/home/michael/.config/sst/bin/pulumi up --yes -f --stack organization/chain-enhance/michael --non-interactive --event-log /home/michael/markdown-editor/.sst/pulumi/fe65bba2435762d7b01946b1/eventlog.json --config aws:region=ap-southeast-2 --config aws:defaultTags={\"tags\":{\"sst:app\":\"chain-enhance\",\"sst:stage\":\"michael\"}}]"
time=2025-11-02T22:39:45.995+11:00 level=INFO msg=subscribed service=dev addr=127.0.0.1:60074
time=2025-11-02T22:39:45.996+11:00 level=INFO msg="matching dev" service=dev full=/home/michael/markdown-editor directory=""
time=2025-11-02T22:39:45.996+11:00 level=INFO msg="loading aws credentials" service=project.env resource=MyWeb role=arn:aws:iam::481588845003:role/chain-enhance-michael-MyWebDevServerRole-hnmzxova
time=2025-11-02T22:39:46.080+11:00 level=INFO msg=dev service=project.env resource=MyWeb links=[]
time=2025-11-02T22:39:48.171+11:00 level=INFO msg="INFO pushing partial state updateID=fe65bba2435762d7b01946b1"
time=2025-11-02T22:39:48.175+11:00 level=INFO msg="rpc request" method=POST url=/rpc
time=2025-11-02T22:39:48.175+11:00 level=INFO msg="rpc request" method=POST url=/rpc
time=2025-11-02T22:39:48.175+11:00 level=INFO msg="building function" runtime=nodejs20.x functionID=MyWebDevServer
time=2025-11-02T22:39:48.175+11:00 level=INFO msg="function built" runtime=nodejs20.x functionID=MyWebDevServer
time=2025-11-02T22:39:48.225+11:00 level=INFO msg="rpc request" method=POST url=/rpc
time=2025-11-02T22:39:48.285+11:00 level=INFO msg="pulumi exited" service=project.run updateID=fe65bba2435762d7b01946b1 err=<nil>
time=2025-11-02T22:39:48.285+11:00 level=INFO msg="eof and exited" service=project.run updateID=fe65bba2435762d7b01946b1 eofs=0
time=2025-11-02T22:39:48.286+11:00 level=INFO msg="eof and exited" service=project.run updateID=fe65bba2435762d7b01946b1 eofs=1
time=2025-11-02T22:39:48.286+11:00 level=INFO msg="breaking out of tail loop" service=project.run updateID=fe65bba2435762d7b01946b1
time=2025-11-02T22:39:48.286+11:00 level=INFO msg="parsing state" service=project.run updateID=fe65bba2435762d7b01946b1
time=2025-11-02T22:39:48.289+11:00 level=INFO msg="INFO pushing partial state updateID=fe65bba2435762d7b01946b1"
time=2025-11-02T22:39:48.430+11:00 level=INFO msg="generating types" root=/home/michael/markdown-editor
time=2025-11-02T22:39:48.430+11:00 level=INFO msg="file event" service=watcher path=/home/michael/markdown-editor/sst-env.d.ts op=WRITE
time=2025-11-02T22:39:48.430+11:00 level=INFO msg="file event" service=watcher path=/home/michael/markdown-editor/sst-env.d.ts op=WRITE
time=2025-11-02T22:39:48.430+11:00 level=INFO msg="file event" service=watcher path=/home/michael/markdown-editor/sst-env.d.ts op=WRITE
time=2025-11-02T22:39:48.430+11:00 level=INFO msg="checking if code needs to be rebuilt" service=aws.function file=/home/michael/markdown-editor/sst-env.d.ts
time=2025-11-02T22:39:48.430+11:00 level=INFO msg="canceling partial" service=project.run updateID=fe65bba2435762d7b01946b1
time=2025-11-02T22:39:48.430+11:00 level=INFO msg="waiting for partial to exit" service=project.run updateID=fe65bba2435762d7b01946b1
time=2025-11-02T22:39:48.431+11:00 level=INFO msg="INFO pushing snapshot updateID=fe65bba2435762d7b01946b1"
time=2025-11-02T22:39:48.431+11:00 level=INFO msg="INFO pushing eventlog updateID=fe65bba2435762d7b01946b1"
time=2025-11-02T22:39:48.561+11:00 level=INFO msg="INFO putting update app=chain-enhance stage=michael"
time=2025-11-02T22:39:48.646+11:00 level=INFO msg="done running stack command" service=project.run updateID=fe65bba2435762d7b01946b1 resources=11
time=2025-11-02T22:39:48.647+11:00 level=INFO msg="INFO unlocking app=chain-enhance stage=michael"
time=2025-11-02T22:39:48.647+11:00 level=INFO msg="matching dev" service=dev full=/home/michael/markdown-editor directory=""
time=2025-11-02T22:39:48.647+11:00 level=INFO msg="loading aws credentials" service=project.env resource=MyWeb role=arn:aws:iam::481588845003:role/chain-enhance-michael-MyWebDevServerRole-hnmzxova
time=2025-11-02T22:39:48.728+11:00 level=INFO msg="waiting for trigger" service=deployer
time=2025-11-02T22:39:48.728+11:00 level=INFO msg="build hash" service=deployer hash=mR9CD90CwjI
time=2025-11-02T22:39:48.728+11:00 level=INFO msg="waiting for trigger" service=deployer
time=2025-11-02T22:39:48.728+11:00 level=INFO msg="waiting for trigger" service=deployer
time=2025-11-02T22:39:48.734+11:00 level=INFO msg=dev service=project.env resource=MyWeb links=[]
time=2025-11-02T22:40:45.473+11:00 level=INFO msg="INFO msg service=appsync.connection type=ka id=<nil>"
time=2025-11-02T22:41:45.473+11:00 level=INFO msg="INFO msg service=appsync.connection type=ka id=<nil>"
time=2025-11-02T22:42:45.474+11:00 level=INFO msg="INFO msg service=appsync.connection type=ka id=<nil>"
time=2025-11-02T22:43:45.474+11:00 level=INFO msg="INFO msg service=appsync.connection type=ka id=<nil>"
time=2025-11-02T22:44:45.474+11:00 level=INFO msg="INFO msg service=appsync.connection type=ka id=<nil>"
time=2025-11-02T22:45:45.473+11:00 level=INFO msg="INFO msg service=appsync.connection type=ka id=<nil>"
time=2025-11-02T22:46:45.480+11:00 level=INFO msg="INFO msg service=appsync.connection type=ka id=<nil>"
time=2025-11-02T22:47:45.473+11:00 level=INFO msg="INFO msg service=appsync.connection type=ka id=<nil>"
time=2025-11-02T22:48:45.058+11:00 level=INFO msg="file event" service=watcher path=/home/michael/markdown-editor/src/lib/editor/tasks/markdownTaskSupport.ts op=WRITE
time=2025-11-02T22:48:45.058+11:00 level=INFO msg="waiting for trigger" service=deployer
time=2025-11-02T22:48:45.058+11:00 level=INFO msg="checking if code needs to be rebuilt" service=aws.function file=/home/michael/markdown-editor/src/lib/editor/tasks/markdownTaskSupport.ts
time=2025-11-02T22:48:45.059+11:00 level=INFO msg="file event" service=watcher path=/home/michael/markdown-editor/src/lib/editor/tasks/markdownTaskSupport.ts op=WRITE
time=2025-11-02T22:48:45.473+11:00 level=INFO msg="INFO msg service=appsync.connection type=ka id=<nil>"
time=2025-11-02T22:49:22.755+11:00 level=INFO msg="file event" service=watcher path=/home/michael/markdown-editor/src/lib/editor/schema/tasklistSchema.ts op=WRITE
time=2025-11-02T22:49:22.755+11:00 level=INFO msg="waiting for trigger" service=deployer
time=2025-11-02T22:49:22.755+11:00 level=INFO msg="checking if code needs to be rebuilt" service=aws.function file=/home/michael/markdown-editor/src/lib/editor/schema/tasklistSchema.ts
time=2025-11-02T22:49:22.756+11:00 level=INFO msg="file event" service=watcher path=/home/michael/markdown-editor/src/lib/editor/schema/tasklistSchema.ts op=WRITE
time=2025-11-02T22:49:45.473+11:00 level=INFO msg="INFO msg service=appsync.connection type=ka id=<nil>"
time=2025-11-02T22:50:45.473+11:00 level=INFO msg="INFO msg service=appsync.connection type=ka id=<nil>"
time=2025-11-02T22:51:45.473+11:00 level=INFO msg="INFO msg service=appsync.connection type=ka id=<nil>"
time=2025-11-02T22:52:45.474+11:00 level=INFO msg="INFO msg service=appsync.connection type=ka id=<nil>"
time=2025-11-02T22:53:07.835+11:00 level=INFO msg="file event" service=watcher path=/home/michael/markdown-editor/src/lib/editor/tasks/markdownTaskSupport.ts op=WRITE
time=2025-11-02T22:53:07.835+11:00 level=INFO msg="file event" service=watcher path=/home/michael/markdown-editor/src/lib/editor/tasks/markdownTaskSupport.ts op=WRITE
time=2025-11-02T22:53:07.835+11:00 level=INFO msg="waiting for trigger" service=deployer
time=2025-11-02T22:53:07.835+11:00 level=INFO msg="checking if code needs to be rebuilt" service=aws.function file=/home/michael/markdown-editor/src/lib/editor/tasks/markdownTaskSupport.ts
time=2025-11-02T22:53:24.948+11:00 level=INFO msg="file event" service=watcher path=/home/michael/markdown-editor/src/lib/editor/tasks/markdownTaskSupport.ts op=WRITE
time=2025-11-02T22:53:24.948+11:00 level=INFO msg="file event" service=watcher path=/home/michael/markdown-editor/src/lib/editor/tasks/markdownTaskSupport.ts op=WRITE
time=2025-11-02T22:53:24.948+11:00 level=INFO msg="waiting for trigger" service=deployer
time=2025-11-02T22:53:24.948+11:00 level=INFO msg="checking if code needs to be rebuilt" service=aws.function file=/home/michael/markdown-editor/src/lib/editor/tasks/markdownTaskSupport.ts
time=2025-11-02T22:53:28.355+11:00 level=INFO msg="file event" service=watcher path=/home/michael/markdown-editor/src/lib/editor/tasks/markdownTaskSupport.ts op=WRITE
time=2025-11-02T22:53:28.355+11:00 level=INFO msg="file event" service=watcher path=/home/michael/markdown-editor/src/lib/editor/tasks/markdownTaskSupport.ts op=WRITE
time=2025-11-02T22:53:28.355+11:00 level=INFO msg="waiting for trigger" service=deployer
time=2025-11-02T22:53:28.355+11:00 level=INFO msg="checking if code needs to be rebuilt" service=aws.function file=/home/michael/markdown-editor/src/lib/editor/tasks/markdownTaskSupport.ts
time=2025-11-02T22:53:38.961+11:00 level=INFO msg="file event" service=watcher path=/home/michael/markdown-editor/src/lib/editor/tasks/markdownTaskSupport.ts op=WRITE
time=2025-11-02T22:53:38.961+11:00 level=INFO msg="checking if code needs to be rebuilt" service=aws.function file=/home/michael/markdown-editor/src/lib/editor/tasks/markdownTaskSupport.ts
time=2025-11-02T22:53:38.961+11:00 level=INFO msg="waiting for trigger" service=deployer
time=2025-11-02T22:53:38.961+11:00 level=INFO msg="file event" service=watcher path=/home/michael/markdown-editor/src/lib/editor/tasks/markdownTaskSupport.ts op=WRITE
time=2025-11-02T22:53:45.474+11:00 level=INFO msg="INFO msg service=appsync.connection type=ka id=<nil>"
time=2025-11-02T22:54:45.473+11:00 level=INFO msg="INFO msg service=appsync.connection type=ka id=<nil>"
time=2025-11-02T22:55:34.190+11:00 level=INFO msg="ignoring file event" service=watcher path=/home/michael/markdown-editor/src/lib/editor/plugins/tablePlugin.ts op=RENAME
time=2025-11-02T22:55:44.498+11:00 level=INFO msg="file event" service=watcher path=/home/michael/markdown-editor/src/lib/editor/setupProseMirror.ts op=WRITE
time=2025-11-02T22:55:44.498+11:00 level=INFO msg="waiting for trigger" service=deployer
time=2025-11-02T22:55:44.498+11:00 level=INFO msg="checking if code needs to be rebuilt" service=aws.function file=/home/michael/markdown-editor/src/lib/editor/setupProseMirror.ts
time=2025-11-02T22:55:44.498+11:00 level=INFO msg="file event" service=watcher path=/home/michael/markdown-editor/src/lib/editor/setupProseMirror.ts op=WRITE
time=2025-11-02T22:55:45.474+11:00 level=INFO msg="INFO msg service=appsync.connection type=ka id=<nil>"
time=2025-11-02T22:56:21.714+11:00 level=INFO msg="file event" service=watcher path=/home/michael/markdown-editor/src/lib/editor/tasks/markdownTaskSupport.ts op=WRITE
time=2025-11-02T22:56:21.714+11:00 level=INFO msg="file event" service=watcher path=/home/michael/markdown-editor/src/lib/editor/tasks/markdownTaskSupport.ts op=WRITE
time=2025-11-02T22:56:21.714+11:00 level=INFO msg="waiting for trigger" service=deployer
time=2025-11-02T22:56:21.714+11:00 level=INFO msg="checking if code needs to be rebuilt" service=aws.function file=/home/michael/markdown-editor/src/lib/editor/tasks/markdownTaskSupport.ts
time=2025-11-02T22:56:34.980+11:00 level=INFO msg="file event" service=watcher path=/home/michael/markdown-editor/src/lib/editor/tasks/markdownTaskSupport.ts op=WRITE
time=2025-11-02T22:56:34.981+11:00 level=INFO msg="waiting for trigger" service=deployer
time=2025-11-02T22:56:34.981+11:00 level=INFO msg="checking if code needs to be rebuilt" service=aws.function file=/home/michael/markdown-editor/src/lib/editor/tasks/markdownTaskSupport.ts
time=2025-11-02T22:56:34.981+11:00 level=INFO msg="file event" service=watcher path=/home/michael/markdown-editor/src/lib/editor/tasks/markdownTaskSupport.ts op=WRITE
time=2025-11-02T22:56:37.320+11:00 level=INFO msg="file event" service=watcher path=/home/michael/markdown-editor/src/lib/editor/tasks/markdownTaskSupport.ts op=WRITE
time=2025-11-02T22:56:37.321+11:00 level=INFO msg="waiting for trigger" service=deployer
time=2025-11-02T22:56:37.321+11:00 level=INFO msg="checking if code needs to be rebuilt" service=aws.function file=/home/michael/markdown-editor/src/lib/editor/tasks/markdownTaskSupport.ts
time=2025-11-02T22:56:37.321+11:00 level=INFO msg="file event" service=watcher path=/home/michael/markdown-editor/src/lib/editor/tasks/markdownTaskSupport.ts op=WRITE
time=2025-11-02T22:56:45.474+11:00 level=INFO msg="INFO msg service=appsync.connection type=ka id=<nil>"
time=2025-11-02T22:56:47.596+11:00 level=INFO msg="file event" service=watcher path=/home/michael/markdown-editor/src/lib/editor/tasks/markdownTaskSupport.ts op=WRITE
time=2025-11-02T22:56:47.596+11:00 level=INFO msg="file event" service=watcher path=/home/michael/markdown-editor/src/lib/editor/tasks/markdownTaskSupport.ts op=WRITE
time=2025-11-02T22:56:47.596+11:00 level=INFO msg="waiting for trigger" service=deployer
time=2025-11-02T22:56:47.596+11:00 level=INFO msg="checking if code needs to be rebuilt" service=aws.function file=/home/michael/markdown-editor/src/lib/editor/tasks/markdownTaskSupport.ts
time=2025-11-02T22:57:45.474+11:00 level=INFO msg="INFO msg service=appsync.connection type=ka id=<nil>"
time=2025-11-02T22:58:45.474+11:00 level=INFO msg="INFO msg service=appsync.connection type=ka id=<nil>"
time=2025-11-02T22:59:45.473+11:00 level=INFO msg="INFO msg service=appsync.connection type=ka id=<nil>"
time=2025-11-02T23:00:45.473+11:00 level=INFO msg="INFO msg service=appsync.connection type=ka id=<nil>"
time=2025-11-02T23:01:33.416+11:00 level=INFO msg="file event" service=watcher path=/home/michael/markdown-editor/src/lib/editor/tasks/markdownTaskSupport.ts op=WRITE
time=2025-11-02T23:01:33.416+11:00 level=INFO msg="file event" service=watcher path=/home/michael/markdown-editor/src/lib/editor/tasks/markdownTaskSupport.ts op=WRITE
time=2025-11-02T23:01:33.416+11:00 level=INFO msg="waiting for trigger" service=deployer
time=2025-11-02T23:01:33.416+11:00 level=INFO msg="checking if code needs to be rebuilt" service=aws.function file=/home/michael/markdown-editor/src/lib/editor/tasks/markdownTaskSupport.ts
time=2025-11-02T23:01:42.726+11:00 level=INFO msg="ignoring file event" service=watcher path=/home/michael/markdown-editor/src/lib/editor/schema/tableSchema.ts op=RENAME
time=2025-11-02T23:01:44.029+11:00 level=INFO msg="file event" service=watcher path=/home/michael/markdown-editor/src/lib/editor/tasks/markdownTaskSupport.ts op=WRITE
time=2025-11-02T23:01:44.029+11:00 level=INFO msg="waiting for trigger" service=deployer
time=2025-11-02T23:01:44.029+11:00 level=INFO msg="checking if code needs to be rebuilt" service=aws.function file=/home/michael/markdown-editor/src/lib/editor/tasks/markdownTaskSupport.ts
time=2025-11-02T23:01:44.029+11:00 level=INFO msg="file event" service=watcher path=/home/michael/markdown-editor/src/lib/editor/tasks/markdownTaskSupport.ts op=WRITE
time=2025-11-02T23:01:45.473+11:00 level=INFO msg="INFO msg service=appsync.connection type=ka id=<nil>"
time=2025-11-02T23:01:48.436+11:00 level=INFO msg="file event" service=watcher path=/home/michael/markdown-editor/src/lib/editor/schema/markdownSchema.ts op=WRITE
time=2025-11-02T23:01:48.436+11:00 level=INFO msg="waiting for trigger" service=deployer
time=2025-11-02T23:01:48.436+11:00 level=INFO msg="checking if code needs to be rebuilt" service=aws.function file=/home/michael/markdown-editor/src/lib/editor/schema/markdownSchema.ts
time=2025-11-02T23:01:48.436+11:00 level=INFO msg="file event" service=watcher path=/home/michael/markdown-editor/src/lib/editor/schema/markdownSchema.ts op=WRITE
time=2025-11-02T23:01:53.999+11:00 level=INFO msg="file event" service=watcher path=/home/michael/markdown-editor/src/lib/editor/schema/markdownSchema.ts op=WRITE
time=2025-11-02T23:01:53.999+11:00 level=INFO msg="waiting for trigger" service=deployer
time=2025-11-02T23:01:53.999+11:00 level=INFO msg="checking if code needs to be rebuilt" service=aws.function file=/home/michael/markdown-editor/src/lib/editor/schema/markdownSchema.ts
time=2025-11-02T23:01:53.999+11:00 level=INFO msg="file event" service=watcher path=/home/michael/markdown-editor/src/lib/editor/schema/markdownSchema.ts op=WRITE
time=2025-11-02T23:02:08.779+11:00 level=INFO msg="file event" service=watcher path=/home/michael/markdown-editor/src/lib/editor/tasks/markdownTaskSupport.ts op=WRITE
time=2025-11-02T23:02:08.779+11:00 level=INFO msg="waiting for trigger" service=deployer
time=2025-11-02T23:02:08.779+11:00 level=INFO msg="checking if code needs to be rebuilt" service=aws.function file=/home/michael/markdown-editor/src/lib/editor/tasks/markdownTaskSupport.ts
time=2025-11-02T23:02:08.779+11:00 level=INFO msg="file event" service=watcher path=/home/michael/markdown-editor/src/lib/editor/tasks/markdownTaskSupport.ts op=WRITE
time=2025-11-02T23:02:17.646+11:00 level=INFO msg="file event" service=watcher path=/home/michael/markdown-editor/src/lib/editor/tasks/markdownTaskSupport.ts op=WRITE
time=2025-11-02T23:02:17.646+11:00 level=INFO msg="waiting for trigger" service=deployer
time=2025-11-02T23:02:17.646+11:00 level=INFO msg="checking if code needs to be rebuilt" service=aws.function file=/home/michael/markdown-editor/src/lib/editor/tasks/markdownTaskSupport.ts
time=2025-11-02T23:02:17.646+11:00 level=INFO msg="file event" service=watcher path=/home/michael/markdown-editor/src/lib/editor/tasks/markdownTaskSupport.ts op=WRITE
time=2025-11-02T23:02:26.906+11:00 level=INFO msg="file event" service=watcher path=/home/michael/markdown-editor/src/lib/editor/tasks/markdownTaskSupport.ts op=WRITE
time=2025-11-02T23:02:26.906+11:00 level=INFO msg="waiting for trigger" service=deployer
time=2025-11-02T23:02:26.906+11:00 level=INFO msg="checking if code needs to be rebuilt" service=aws.function file=/home/michael/markdown-editor/src/lib/editor/tasks/markdownTaskSupport.ts
time=2025-11-02T23:02:26.906+11:00 level=INFO msg="file event" service=watcher path=/home/michael/markdown-editor/src/lib/editor/tasks/markdownTaskSupport.ts op=WRITE
time=2025-11-02T23:02:34.890+11:00 level=INFO msg="file event" service=watcher path=/home/michael/markdown-editor/src/lib/editor/tasks/markdownTaskSupport.ts op=WRITE
time=2025-11-02T23:02:34.890+11:00 level=INFO msg="waiting for trigger" service=deployer
time=2025-11-02T23:02:34.890+11:00 level=INFO msg="checking if code needs to be rebuilt" service=aws.function file=/home/michael/markdown-editor/src/lib/editor/tasks/markdownTaskSupport.ts
time=2025-11-02T23:02:34.890+11:00 level=INFO msg="file event" service=watcher path=/home/michael/markdown-editor/src/lib/editor/tasks/markdownTaskSupport.ts op=WRITE
time=2025-11-02T23:02:45.473+11:00 level=INFO msg="INFO msg service=appsync.connection type=ka id=<nil>"
time=2025-11-02T23:03:45.474+11:00 level=INFO msg="INFO msg service=appsync.connection type=ka id=<nil>"
time=2025-11-02T23:04:45.474+11:00 level=INFO msg="INFO msg service=appsync.connection type=ka id=<nil>"
time=2025-11-02T23:05:24.018+11:00 level=INFO msg="file event" service=watcher path=/home/michael/markdown-editor/src/lib/editor/tasks/markdownTaskSupport.ts op=WRITE
time=2025-11-02T23:05:24.018+11:00 level=INFO msg="waiting for trigger" service=deployer
time=2025-11-02T23:05:24.018+11:00 level=INFO msg="checking if code needs to be rebuilt" service=aws.function file=/home/michael/markdown-editor/src/lib/editor/tasks/markdownTaskSupport.ts
time=2025-11-02T23:05:24.018+11:00 level=INFO msg="file event" service=watcher path=/home/michael/markdown-editor/src/lib/editor/tasks/markdownTaskSupport.ts op=WRITE
time=2025-11-02T23:05:29.917+11:00 level=INFO msg="file event" service=watcher path=/home/michael/markdown-editor/src/lib/editor/tasks/markdownTaskSupport.ts op=WRITE
time=2025-11-02T23:05:29.917+11:00 level=INFO msg="file event" service=watcher path=/home/michael/markdown-editor/src/lib/editor/tasks/markdownTaskSupport.ts op=WRITE
time=2025-11-02T23:05:29.917+11:00 level=INFO msg="waiting for trigger" service=deployer
time=2025-11-02T23:05:29.917+11:00 level=INFO msg="checking if code needs to be rebuilt" service=aws.function file=/home/michael/markdown-editor/src/lib/editor/tasks/markdownTaskSupport.ts
time=2025-11-02T23:05:30.003+11:00 level=INFO msg="file event" service=watcher path=/home/michael/markdown-editor/src/lib/editor/tasks/markdownTaskSupport.ts op=WRITE
time=2025-11-02T23:05:30.003+11:00 level=INFO msg="file event" service=watcher path=/home/michael/markdown-editor/src/lib/editor/tasks/markdownTaskSupport.ts op=WRITE
time=2025-11-02T23:05:45.473+11:00 level=INFO msg="INFO msg service=appsync.connection type=ka id=<nil>"
time=2025-11-02T23:05:49.002+11:00 level=INFO msg="file event" service=watcher path=/home/michael/markdown-editor/src/lib/editor/tasks/markdownTaskSupport.ts op=WRITE
time=2025-11-02T23:05:49.002+11:00 level=INFO msg="waiting for trigger" service=deployer
time=2025-11-02T23:05:49.002+11:00 level=INFO msg="file event" service=watcher path=/home/michael/markdown-editor/src/lib/editor/tasks/markdownTaskSupport.ts op=WRITE
time=2025-11-02T23:05:49.002+11:00 level=INFO msg="checking if code needs to be rebuilt" service=aws.function file=/home/michael/markdown-editor/src/lib/editor/tasks/markdownTaskSupport.ts
time=2025-11-02T23:06:45.473+11:00 level=INFO msg="INFO msg service=appsync.connection type=ka id=<nil>"
time=2025-11-02T23:07:45.474+11:00 level=INFO msg="INFO msg service=appsync.connection type=ka id=<nil>"
time=2025-11-02T23:08:45.474+11:00 level=INFO msg="INFO msg service=appsync.connection type=ka id=<nil>"
time=2025-11-02T23:09:45.473+11:00 level=INFO msg="INFO msg service=appsync.connection type=ka id=<nil>"
time=2025-11-02T23:10:45.474+11:00 level=INFO msg="INFO msg service=appsync.connection type=ka id=<nil>"
time=2025-11-02T23:11:45.473+11:00 level=INFO msg="INFO msg service=appsync.connection type=ka id=<nil>"
time=2025-11-02T23:12:45.474+11:00 level=INFO msg="INFO msg service=appsync.connection type=ka id=<nil>"
time=2025-11-02T23:13:45.474+11:00 level=INFO msg="INFO msg service=appsync.connection type=ka id=<nil>"
time=2025-11-02T23:13:55.638+11:00 level=INFO msg="file event" service=watcher path=/home/michael/markdown-editor/README.md op=WRITE
time=2025-11-02T23:13:55.638+11:00 level=INFO msg="waiting for trigger" service=deployer
time=2025-11-02T23:13:55.638+11:00 level=INFO msg="checking if code needs to be rebuilt" service=aws.function file=/home/michael/markdown-editor/README.md
time=2025-11-02T23:13:55.638+11:00 level=INFO msg="file event" service=watcher path=/home/michael/markdown-editor/README.md op=WRITE
time=2025-11-02T23:13:58.723+11:00 level=INFO msg="file event" service=watcher path=/home/michael/markdown-editor/static/README.md op=WRITE
time=2025-11-02T23:13:58.723+11:00 level=INFO msg="waiting for trigger" service=deployer
time=2025-11-02T23:13:58.723+11:00 level=INFO msg="checking if code needs to be rebuilt" service=aws.function file=/home/michael/markdown-editor/static/README.md
time=2025-11-02T23:14:45.474+11:00 level=INFO msg="INFO msg service=appsync.connection type=ka id=<nil>"
time=2025-11-02T23:15:45.473+11:00 level=INFO msg="INFO msg service=appsync.connection type=ka id=<nil>"
time=2025-11-02T23:16:45.473+11:00 level=INFO msg="INFO msg service=appsync.connection type=ka id=<nil>"
time=2025-11-02T23:17:45.474+11:00 level=INFO msg="INFO msg service=appsync.connection type=ka id=<nil>"
time=2025-11-02T23:18:04.336+11:00 level=INFO msg="file event" service=watcher path=/home/michael/markdown-editor/src/lib/editor/plugins/codemirrorBlockPlugin.ts op=WRITE
time=2025-11-02T23:18:04.336+11:00 level=INFO msg="waiting for trigger" service=deployer
time=2025-11-02T23:18:04.336+11:00 level=INFO msg="checking if code needs to be rebuilt" service=aws.function file=/home/michael/markdown-editor/src/lib/editor/plugins/codemirrorBlockPlugin.ts
time=2025-11-02T23:18:04.336+11:00 level=INFO msg="file event" service=watcher path=/home/michael/markdown-editor/src/lib/editor/plugins/codemirrorBlockPlugin.ts op=WRITE
time=2025-11-02T23:18:08.532+11:00 level=INFO msg="file event" service=watcher path=/home/michael/markdown-editor/src/lib/editor/plugins/codemirrorBlockPlugin.ts op=WRITE
time=2025-11-02T23:18:08.532+11:00 level=INFO msg="waiting for trigger" service=deployer
time=2025-11-02T23:18:08.532+11:00 level=INFO msg="checking if code needs to be rebuilt" service=aws.function file=/home/michael/markdown-editor/src/lib/editor/plugins/codemirrorBlockPlugin.ts
time=2025-11-02T23:18:08.532+11:00 level=INFO msg="file event" service=watcher path=/home/michael/markdown-editor/src/lib/editor/plugins/codemirrorBlockPlugin.ts op=WRITE
time=2025-11-02T23:18:13.743+11:00 level=INFO msg="file event" service=watcher path=/home/michael/markdown-editor/src/lib/editor/plugins/codemirrorBlockPlugin.ts op=WRITE
time=2025-11-02T23:18:13.743+11:00 level=INFO msg="file event" service=watcher path=/home/michael/markdown-editor/src/lib/editor/plugins/codemirrorBlockPlugin.ts op=WRITE
time=2025-11-02T23:18:13.743+11:00 level=INFO msg="waiting for trigger" service=deployer
time=2025-11-02T23:18:13.743+11:00 level=INFO msg="checking if code needs to be rebuilt" service=aws.function file=/home/michael/markdown-editor/src/lib/editor/plugins/codemirrorBlockPlugin.ts
time=2025-11-02T23:18:19.761+11:00 level=INFO msg="file event" service=watcher path=/home/michael/markdown-editor/src/lib/editor/plugins/codemirrorBlockPlugin.ts op=WRITE
time=2025-11-02T23:18:19.761+11:00 level=INFO msg="waiting for trigger" service=deployer
time=2025-11-02T23:18:19.761+11:00 level=INFO msg="checking if code needs to be rebuilt" service=aws.function file=/home/michael/markdown-editor/src/lib/editor/plugins/codemirrorBlockPlugin.ts
time=2025-11-02T23:18:19.761+11:00 level=INFO msg="file event" service=watcher path=/home/michael/markdown-editor/src/lib/editor/plugins/codemirrorBlockPlugin.ts op=WRITE
time=2025-11-02T23:18:45.475+11:00 level=INFO msg="INFO msg service=appsync.connection type=ka id=<nil>"
time=2025-11-02T23:18:54.290+11:00 level=INFO msg="file event" service=watcher path=/home/michael/markdown-editor/src/lib/editor/plugins/codemirrorBlockPlugin.ts op=WRITE
time=2025-11-02T23:18:54.290+11:00 level=INFO msg="waiting for trigger" service=deployer
time=2025-11-02T23:18:54.290+11:00 level=INFO msg="file event" service=watcher path=/home/michael/markdown-editor/src/lib/editor/plugins/codemirrorBlockPlugin.ts op=WRITE
time=2025-11-02T23:18:54.290+11:00 level=INFO msg="checking if code needs to be rebuilt" service=aws.function file=/home/michael/markdown-editor/src/lib/editor/plugins/codemirrorBlockPlugin.ts
time=2025-11-02T23:18:57.914+11:00 level=INFO msg="file event" service=watcher path=/home/michael/markdown-editor/src/lib/editor/plugins/codemirrorBlockPlugin.ts op=WRITE
time=2025-11-02T23:18:57.914+11:00 level=INFO msg="file event" service=watcher path=/home/michael/markdown-editor/src/lib/editor/plugins/codemirrorBlockPlugin.ts op=WRITE
time=2025-11-02T23:18:57.914+11:00 level=INFO msg="waiting for trigger" service=deployer
time=2025-11-02T23:18:57.914+11:00 level=INFO msg="checking if code needs to be rebuilt" service=aws.function file=/home/michael/markdown-editor/src/lib/editor/plugins/codemirrorBlockPlugin.ts
time=2025-11-02T23:18:59.700+11:00 level=INFO msg="file event" service=watcher path=/home/michael/markdown-editor/src/lib/editor/plugins/codemirrorBlockPlugin.ts op=WRITE
time=2025-11-02T23:18:59.700+11:00 level=INFO msg="waiting for trigger" service=deployer
time=2025-11-02T23:18:59.700+11:00 level=INFO msg="checking if code needs to be rebuilt" service=aws.function file=/home/michael/markdown-editor/src/lib/editor/plugins/codemirrorBlockPlugin.ts
time=2025-11-02T23:18:59.700+11:00 level=INFO msg="file event" service=watcher path=/home/michael/markdown-editor/src/lib/editor/plugins/codemirrorBlockPlugin.ts op=WRITE
time=2025-11-02T23:19:22.290+11:00 level=INFO msg="file event" service=watcher path=/home/michael/markdown-editor/src/lib/editor/plugins/codemirrorBlockPlugin.ts op=WRITE
time=2025-11-02T23:19:22.290+11:00 level=INFO msg="file event" service=watcher path=/home/michael/markdown-editor/src/lib/editor/plugins/codemirrorBlockPlugin.ts op=WRITE
time=2025-11-02T23:19:22.290+11:00 level=INFO msg="waiting for trigger" service=deployer
time=2025-11-02T23:19:22.290+11:00 level=INFO msg="checking if code needs to be rebuilt" service=aws.function file=/home/michael/markdown-editor/src/lib/editor/plugins/codemirrorBlockPlugin.ts
time=2025-11-02T23:19:45.473+11:00 level=INFO msg="INFO msg service=appsync.connection type=ka id=<nil>"
time=2025-11-02T23:20:45.474+11:00 level=INFO msg="INFO msg service=appsync.connection type=ka id=<nil>"
time=2025-11-02T23:21:38.479+11:00 level=INFO msg="file event" service=watcher path=/home/michael/markdown-editor/src/lib/editor/plugins/codemirrorBlockPlugin.ts op=WRITE
time=2025-11-02T23:21:38.479+11:00 level=INFO msg="file event" service=watcher path=/home/michael/markdown-editor/src/lib/editor/plugins/codemirrorBlockPlugin.ts op=WRITE
time=2025-11-02T23:21:38.479+11:00 level=INFO msg="waiting for trigger" service=deployer
time=2025-11-02T23:21:38.479+11:00 level=INFO msg="checking if code needs to be rebuilt" service=aws.function file=/home/michael/markdown-editor/src/lib/editor/plugins/codemirrorBlockPlugin.ts
time=2025-11-02T23:21:45.473+11:00 level=INFO msg="INFO msg service=appsync.connection type=ka id=<nil>"
time=2025-11-02T23:22:45.473+11:00 level=INFO msg="INFO msg service=appsync.connection type=ka id=<nil>"
time=2025-11-02T23:23:45.474+11:00 level=INFO msg="INFO msg service=appsync.connection type=ka id=<nil>"
time=2025-11-02T23:24:45.473+11:00 level=INFO msg="INFO msg service=appsync.connection type=ka id=<nil>"
time=2025-11-02T23:24:48.735+11:00 level=INFO msg="matching dev" service=dev full=/home/michael/markdown-editor directory=""
time=2025-11-02T23:24:48.735+11:00 level=INFO msg="loading aws credentials" service=project.env resource=MyWeb role=arn:aws:iam::481588845003:role/chain-enhance-michael-MyWebDevServerRole-hnmzxova
time=2025-11-02T23:24:48.825+11:00 level=INFO msg=dev service=project.env resource=MyWeb links=[]
time=2025-11-02T23:25:45.474+11:00 level=INFO msg="INFO msg service=appsync.connection type=ka id=<nil>"
time=2025-11-02T23:26:45.474+11:00 level=INFO msg="INFO msg service=appsync.connection type=ka id=<nil>"
time=2025-11-02T23:27:45.474+11:00 level=INFO msg="INFO msg service=appsync.connection type=ka id=<nil>"
time=2025-11-02T23:28:45.474+11:00 level=INFO msg="INFO msg service=appsync.connection type=ka id=<nil>"
time=2025-11-02T23:29:45.473+11:00 level=INFO msg="INFO msg service=appsync.connection type=ka id=<nil>"
time=2025-11-02T23:30:45.473+11:00 level=INFO msg="INFO msg service=appsync.connection type=ka id=<nil>"
time=2025-11-02T23:31:45.473+11:00 level=INFO msg="INFO msg service=appsync.connection type=ka id=<nil>"
time=2025-11-02T23:32:45.473+11:00 level=INFO msg="INFO msg service=appsync.connection type=ka id=<nil>"
time=2025-11-02T23:33:45.473+11:00 level=INFO msg="INFO msg service=appsync.connection type=ka id=<nil>"
time=2025-11-02T23:34:45.473+11:00 level=INFO msg="INFO msg service=appsync.connection type=ka id=<nil>"
time=2025-11-02T23:35:45.473+11:00 level=INFO msg="INFO msg service=appsync.connection type=ka id=<nil>"
time=2025-11-02T23:36:45.474+11:00 level=INFO msg="INFO msg service=appsync.connection type=ka id=<nil>"
time=2025-11-02T23:37:45.473+11:00 level=INFO msg="INFO msg service=appsync.connection type=ka id=<nil>"
time=2025-11-02T23:38:45.473+11:00 level=INFO msg="INFO msg service=appsync.connection type=ka id=<nil>"
time=2025-11-02T23:39:45.473+11:00 level=INFO msg="INFO msg service=appsync.connection type=ka id=<nil>"
time=2025-11-02T23:40:45.473+11:00 level=INFO msg="INFO msg service=appsync.connection type=ka id=<nil>"
time=2025-11-02T23:41:45.474+11:00 level=INFO msg="INFO msg service=appsync.connection type=ka id=<nil>"
time=2025-11-02T23:42:45.473+11:00 level=INFO msg="INFO msg service=appsync.connection type=ka id=<nil>"
time=2025-11-02T23:43:45.473+11:00 level=INFO msg="INFO msg service=appsync.connection type=ka id=<nil>"
time=2025-11-02T23:44:45.474+11:00 level=INFO msg="INFO msg service=appsync.connection type=ka id=<nil>"
time=2025-11-02T23:45:45.473+11:00 level=INFO msg="INFO msg service=appsync.connection type=ka id=<nil>"
time=2025-11-02T23:46:45.474+11:00 level=INFO msg="INFO msg service=appsync.connection type=ka id=<nil>"
time=2025-11-02T23:47:45.473+11:00 level=INFO msg="INFO msg service=appsync.connection type=ka id=<nil>"
time=2025-11-02T23:48:45.473+11:00 level=INFO msg="INFO msg service=appsync.connection type=ka id=<nil>"
time=2025-11-02T23:49:45.474+11:00 level=INFO msg="INFO msg service=appsync.connection type=ka id=<nil>"
time=2025-11-02T23:50:45.473+11:00 level=INFO msg="INFO msg service=appsync.connection type=ka id=<nil>"
time=2025-11-02T23:51:45.473+11:00 level=INFO msg="INFO msg service=appsync.connection type=ka id=<nil>"
time=2025-11-02T23:51:50.570+11:00 level=INFO msg="file event" service=watcher path=/home/michael/markdown-editor/src/lib/editor/schema/tasklistSchema.ts op=WRITE
time=2025-11-02T23:51:50.570+11:00 level=INFO msg="waiting for trigger" service=deployer
time=2025-11-02T23:51:50.570+11:00 level=INFO msg="checking if code needs to be rebuilt" service=aws.function file=/home/michael/markdown-editor/src/lib/editor/schema/tasklistSchema.ts
time=2025-11-02T23:51:50.570+11:00 level=INFO msg="file event" service=watcher path=/home/michael/markdown-editor/src/lib/editor/schema/tasklistSchema.ts op=WRITE
time=2025-11-02T23:52:37.289+11:00 level=INFO msg="file event" service=watcher path=/home/michael/markdown-editor/src/lib/editor/plugins/markdownEnterPlugin.ts op=WRITE
time=2025-11-02T23:52:37.289+11:00 level=INFO msg="file event" service=watcher path=/home/michael/markdown-editor/src/lib/editor/plugins/markdownEnterPlugin.ts op=WRITE
time=2025-11-02T23:52:37.289+11:00 level=INFO msg="waiting for trigger" service=deployer
time=2025-11-02T23:52:37.289+11:00 level=INFO msg="checking if code needs to be rebuilt" service=aws.function file=/home/michael/markdown-editor/src/lib/editor/plugins/markdownEnterPlugin.ts
time=2025-11-02T23:52:45.474+11:00 level=INFO msg="INFO msg service=appsync.connection type=ka id=<nil>"
time=2025-11-02T23:53:45.473+11:00 level=INFO msg="INFO msg service=appsync.connection type=ka id=<nil>"
time=2025-11-02T23:54:45.473+11:00 level=INFO msg="INFO msg service=appsync.connection type=ka id=<nil>"
time=2025-11-02T23:54:50.208+11:00 level=INFO msg="file event" service=watcher path=/home/michael/markdown-editor/src/lib/editor/plugins/markdownBackspacePlugin.ts op=CREATE
time=2025-11-02T23:54:50.208+11:00 level=INFO msg="waiting for trigger" service=deployer
time=2025-11-02T23:54:50.208+11:00 level=INFO msg="checking if code needs to be rebuilt" service=aws.function file=/home/michael/markdown-editor/src/lib/editor/plugins/markdownBackspacePlugin.ts
time=2025-11-02T23:55:11.256+11:00 level=INFO msg="file event" service=watcher path=/home/michael/markdown-editor/src/lib/editor/plugins/markdownBackspacePlugin.ts op=WRITE
time=2025-11-02T23:55:11.257+11:00 level=INFO msg="waiting for trigger" service=deployer
time=2025-11-02T23:55:11.257+11:00 level=INFO msg="checking if code needs to be rebuilt" service=aws.function file=/home/michael/markdown-editor/src/lib/editor/plugins/markdownBackspacePlugin.ts
time=2025-11-02T23:55:11.257+11:00 level=INFO msg="file event" service=watcher path=/home/michael/markdown-editor/src/lib/editor/plugins/markdownBackspacePlugin.ts op=WRITE
time=2025-11-02T23:55:29.156+11:00 level=INFO msg="file event" service=watcher path=/home/michael/markdown-editor/src/lib/editor/setupProseMirror.ts op=WRITE
time=2025-11-02T23:55:29.156+11:00 level=INFO msg="waiting for trigger" service=deployer
time=2025-11-02T23:55:29.156+11:00 level=INFO msg="checking if code needs to be rebuilt" service=aws.function file=/home/michael/markdown-editor/src/lib/editor/setupProseMirror.ts
time=2025-11-02T23:55:29.156+11:00 level=INFO msg="file event" service=watcher path=/home/michael/markdown-editor/src/lib/editor/setupProseMirror.ts op=WRITE
time=2025-11-02T23:55:45.474+11:00 level=INFO msg="INFO msg service=appsync.connection type=ka id=<nil>"
time=2025-11-02T23:56:34.530+11:00 level=INFO msg="file event" service=watcher path=/home/michael/markdown-editor/src/lib/editor/plugins/markdownBackspacePlugin.ts op=WRITE
time=2025-11-02T23:56:34.530+11:00 level=INFO msg="file event" service=watcher path=/home/michael/markdown-editor/src/lib/editor/plugins/markdownBackspacePlugin.ts op=WRITE
time=2025-11-02T23:56:34.530+11:00 level=INFO msg="waiting for trigger" service=deployer
time=2025-11-02T23:56:34.530+11:00 level=INFO msg="checking if code needs to be rebuilt" service=aws.function file=/home/michael/markdown-editor/src/lib/editor/plugins/markdownBackspacePlugin.ts
time=2025-11-02T23:56:42.171+11:00 level=INFO msg="file event" service=watcher path=/home/michael/markdown-editor/src/lib/editor/plugins/markdownBackspacePlugin.ts op=WRITE
time=2025-11-02T23:56:42.171+11:00 level=INFO msg="file event" service=watcher path=/home/michael/markdown-editor/src/lib/editor/plugins/markdownBackspacePlugin.ts op=WRITE
time=2025-11-02T23:56:42.171+11:00 level=INFO msg="waiting for trigger" service=deployer
time=2025-11-02T23:56:42.171+11:00 level=INFO msg="checking if code needs to be rebuilt" service=aws.function file=/home/michael/markdown-editor/src/lib/editor/plugins/markdownBackspacePlugin.ts
time=2025-11-02T23:56:45.474+11:00 level=INFO msg="INFO msg service=appsync.connection type=ka id=<nil>"
time=2025-11-02T23:56:58.069+11:00 level=INFO msg="file event" service=watcher path=/home/michael/markdown-editor/src/lib/editor/plugins/markdownBackspacePlugin.ts op=WRITE
time=2025-11-02T23:56:58.069+11:00 level=INFO msg="file event" service=watcher path=/home/michael/markdown-editor/src/lib/editor/plugins/markdownBackspacePlugin.ts op=WRITE
time=2025-11-02T23:56:58.069+11:00 level=INFO msg="waiting for trigger" service=deployer
time=2025-11-02T23:56:58.069+11:00 level=INFO msg="checking if code needs to be rebuilt" service=aws.function file=/home/michael/markdown-editor/src/lib/editor/plugins/markdownBackspacePlugin.ts
time=2025-11-02T23:57:45.473+11:00 level=INFO msg="INFO msg service=appsync.connection type=ka id=<nil>"
time=2025-11-02T23:58:31.797+11:00 level=INFO msg="file event" service=watcher path=/home/michael/markdown-editor/src/lib/editor/plugins/markdownBackspacePlugin.ts op=WRITE
time=2025-11-02T23:58:31.797+11:00 level=INFO msg="waiting for trigger" service=deployer
time=2025-11-02T23:58:31.797+11:00 level=INFO msg="file event" service=watcher path=/home/michael/markdown-editor/src/lib/editor/plugins/markdownBackspacePlugin.ts op=WRITE
time=2025-11-02T23:58:31.797+11:00 level=INFO msg="checking if code needs to be rebuilt" service=aws.function file=/home/michael/markdown-editor/src/lib/editor/plugins/markdownBackspacePlugin.ts
time=2025-11-02T23:58:39.964+11:00 level=INFO msg="file event" service=watcher path=/home/michael/markdown-editor/src/lib/editor/plugins/markdownBackspacePlugin.ts op=WRITE
time=2025-11-02T23:58:39.964+11:00 level=INFO msg="waiting for trigger" service=deployer
time=2025-11-02T23:58:39.964+11:00 level=INFO msg="checking if code needs to be rebuilt" service=aws.function file=/home/michael/markdown-editor/src/lib/editor/plugins/markdownBackspacePlugin.ts
time=2025-11-02T23:58:39.964+11:00 level=INFO msg="file event" service=watcher path=/home/michael/markdown-editor/src/lib/editor/plugins/markdownBackspacePlugin.ts op=WRITE
time=2025-11-02T23:58:45.473+11:00 level=INFO msg="INFO msg service=appsync.connection type=ka id=<nil>"
time=2025-11-02T23:59:11.661+11:00 level=INFO msg="file event" service=watcher path=/home/michael/markdown-editor/src/lib/editor/plugins/markdownBackspacePlugin.ts op=WRITE
time=2025-11-02T23:59:11.661+11:00 level=INFO msg="waiting for trigger" service=deployer
time=2025-11-02T23:59:11.661+11:00 level=INFO msg="checking if code needs to be rebuilt" service=aws.function file=/home/michael/markdown-editor/src/lib/editor/plugins/markdownBackspacePlugin.ts
time=2025-11-02T23:59:11.661+11:00 level=INFO msg="file event" service=watcher path=/home/michael/markdown-editor/src/lib/editor/plugins/markdownBackspacePlugin.ts op=WRITE
time=2025-11-02T23:59:14.722+11:00 level=INFO msg="file event" service=watcher path=/home/michael/markdown-editor/src/lib/editor/plugins/markdownBackspacePlugin.ts op=WRITE
time=2025-11-02T23:59:14.722+11:00 level=INFO msg="waiting for trigger" service=deployer
time=2025-11-02T23:59:14.722+11:00 level=INFO msg="file event" service=watcher path=/home/michael/markdown-editor/src/lib/editor/plugins/markdownBackspacePlugin.ts op=WRITE
time=2025-11-02T23:59:14.722+11:00 level=INFO msg="checking if code needs to be rebuilt" service=aws.function file=/home/michael/markdown-editor/src/lib/editor/plugins/markdownBackspacePlugin.ts
time=2025-11-02T23:59:23.476+11:00 level=INFO msg="file event" service=watcher path=/home/michael/markdown-editor/src/lib/editor/plugins/markdownBackspacePlugin.ts op=WRITE
time=2025-11-02T23:59:23.476+11:00 level=INFO msg="waiting for trigger" service=deployer
time=2025-11-02T23:59:23.476+11:00 level=INFO msg="file event" service=watcher path=/home/michael/markdown-editor/src/lib/editor/plugins/markdownBackspacePlugin.ts op=WRITE
time=2025-11-02T23:59:23.476+11:00 level=INFO msg="checking if code needs to be rebuilt" service=aws.function file=/home/michael/markdown-editor/src/lib/editor/plugins/markdownBackspacePlugin.ts
time=2025-11-02T23:59:45.474+11:00 level=INFO msg="INFO msg service=appsync.connection type=ka id=<nil>"
time=2025-11-03T00:00:45.474+11:00 level=INFO msg="INFO msg service=appsync.connection type=ka id=<nil>"
time=2025-11-03T00:01:45.473+11:00 level=INFO msg="INFO msg service=appsync.connection type=ka id=<nil>"
time=2025-11-03T00:01:53.679+11:00 level=INFO msg="file event" service=watcher path=/home/michael/markdown-editor/src/lib/editor/plugins/markdownBackspacePlugin.ts op=WRITE
time=2025-11-03T00:01:53.679+11:00 level=INFO msg="waiting for trigger" service=deployer
time=2025-11-03T00:01:53.679+11:00 level=INFO msg="checking if code needs to be rebuilt" service=aws.function file=/home/michael/markdown-editor/src/lib/editor/plugins/markdownBackspacePlugin.ts
time=2025-11-03T00:01:53.679+11:00 level=INFO msg="file event" service=watcher path=/home/michael/markdown-editor/src/lib/editor/plugins/markdownBackspacePlugin.ts op=WRITE
time=2025-11-03T00:02:45.473+11:00 level=INFO msg="INFO msg service=appsync.connection type=ka id=<nil>"
time=2025-11-03T00:03:11.543+11:00 level=INFO msg="file event" service=watcher path=/home/michael/markdown-editor/src/lib/editor/plugins/markdownBackspacePlugin.ts op=WRITE
time=2025-11-03T00:03:11.543+11:00 level=INFO msg="waiting for trigger" service=deployer
time=2025-11-03T00:03:11.543+11:00 level=INFO msg="checking if code needs to be rebuilt" service=aws.function file=/home/michael/markdown-editor/src/lib/editor/plugins/markdownBackspacePlugin.ts
time=2025-11-03T00:03:11.543+11:00 level=INFO msg="file event" service=watcher path=/home/michael/markdown-editor/src/lib/editor/plugins/markdownBackspacePlugin.ts op=WRITE
time=2025-11-03T00:03:17.225+11:00 level=INFO msg="file event" service=watcher path=/home/michael/markdown-editor/src/lib/editor/plugins/markdownBackspacePlugin.ts op=WRITE
time=2025-11-03T00:03:17.225+11:00 level=INFO msg="waiting for trigger" service=deployer
time=2025-11-03T00:03:17.225+11:00 level=INFO msg="checking if code needs to be rebuilt" service=aws.function file=/home/michael/markdown-editor/src/lib/editor/plugins/markdownBackspacePlugin.ts
time=2025-11-03T00:03:17.225+11:00 level=INFO msg="file event" service=watcher path=/home/michael/markdown-editor/src/lib/editor/plugins/markdownBackspacePlugin.ts op=WRITE
time=2025-11-03T00:03:18.799+11:00 level=INFO msg="file event" service=watcher path=/home/michael/markdown-editor/src/lib/editor/plugins/markdownBackspacePlugin.ts op=WRITE
time=2025-11-03T00:03:18.799+11:00 level=INFO msg="waiting for trigger" service=deployer
time=2025-11-03T00:03:18.799+11:00 level=INFO msg="checking if code needs to be rebuilt" service=aws.function file=/home/michael/markdown-editor/src/lib/editor/plugins/markdownBackspacePlugin.ts
time=2025-11-03T00:03:18.799+11:00 level=INFO msg="file event" service=watcher path=/home/michael/markdown-editor/src/lib/editor/plugins/markdownBackspacePlugin.ts op=WRITE
time=2025-11-03T00:03:45.474+11:00 level=INFO msg="INFO msg service=appsync.connection type=ka id=<nil>"
time=2025-11-03T00:04:19.829+11:00 level=INFO msg="file event" service=watcher path=/home/michael/markdown-editor/src/lib/editor/plugins/markdownBackspacePlugin.ts op=WRITE
time=2025-11-03T00:04:19.829+11:00 level=INFO msg="waiting for trigger" service=deployer
time=2025-11-03T00:04:19.829+11:00 level=INFO msg="file event" service=watcher path=/home/michael/markdown-editor/src/lib/editor/plugins/markdownBackspacePlugin.ts op=WRITE
time=2025-11-03T00:04:19.829+11:00 level=INFO msg="checking if code needs to be rebuilt" service=aws.function file=/home/michael/markdown-editor/src/lib/editor/plugins/markdownBackspacePlugin.ts
time=2025-11-03T00:04:34.819+11:00 level=INFO msg="file event" service=watcher path=/home/michael/markdown-editor/src/routes/+page.svelte op=WRITE
time=2025-11-03T00:04:34.819+11:00 level=INFO msg="waiting for trigger" service=deployer
time=2025-11-03T00:04:34.819+11:00 level=INFO msg="checking if code needs to be rebuilt" service=aws.function file=/home/michael/markdown-editor/src/routes/+page.svelte
time=2025-11-03T00:04:34.819+11:00 level=INFO msg="file event" service=watcher path=/home/michael/markdown-editor/src/routes/+page.svelte op=WRITE
time=2025-11-03T00:04:45.473+11:00 level=INFO msg="INFO msg service=appsync.connection type=ka id=<nil>"
time=2025-11-03T00:05:45.473+11:00 level=INFO msg="INFO msg service=appsync.connection type=ka id=<nil>"
time=2025-11-03T00:06:45.473+11:00 level=INFO msg="INFO msg service=appsync.connection type=ka id=<nil>"
time=2025-11-03T00:07:45.473+11:00 level=INFO msg="INFO msg service=appsync.connection type=ka id=<nil>"
time=2025-11-03T00:08:22.645+11:00 level=INFO msg="file event" service=watcher path=/home/michael/markdown-editor/src/lib/editor/plugins/markdownBackspacePlugin.ts op=WRITE
time=2025-11-03T00:08:22.645+11:00 level=INFO msg="file event" service=watcher path=/home/michael/markdown-editor/src/lib/editor/plugins/markdownBackspacePlugin.ts op=WRITE
time=2025-11-03T00:08:22.645+11:00 level=INFO msg="waiting for trigger" service=deployer
time=2025-11-03T00:08:22.645+11:00 level=INFO msg="checking if code needs to be rebuilt" service=aws.function file=/home/michael/markdown-editor/src/lib/editor/plugins/markdownBackspacePlugin.ts
time=2025-11-03T00:08:45.473+11:00 level=INFO msg="INFO msg service=appsync.connection type=ka id=<nil>"
time=2025-11-03T00:09:45.473+11:00 level=INFO msg="INFO msg service=appsync.connection type=ka id=<nil>"
time=2025-11-03T00:09:48.828+11:00 level=INFO msg="matching dev" service=dev full=/home/michael/markdown-editor directory=""
time=2025-11-03T00:09:48.828+11:00 level=INFO msg="loading aws credentials" service=project.env resource=MyWeb role=arn:aws:iam::481588845003:role/chain-enhance-michael-MyWebDevServerRole-hnmzxova
time=2025-11-03T00:09:48.910+11:00 level=INFO msg=dev service=project.env resource=MyWeb links=[]
time=2025-11-03T00:10:45.473+11:00 level=INFO msg="INFO msg service=appsync.connection type=ka id=<nil>"
time=2025-11-03T00:11:45.473+11:00 level=INFO msg="INFO msg service=appsync.connection type=ka id=<nil>"
time=2025-11-03T00:12:01.242+11:00 level=INFO msg="file event" service=watcher path=/home/michael/markdown-editor/src/lib/editor/plugins/markdownBackspacePlugin.ts op=WRITE
time=2025-11-03T00:12:01.242+11:00 level=INFO msg="waiting for trigger" service=deployer
time=2025-11-03T00:12:01.243+11:00 level=INFO msg="checking if code needs to be rebuilt" service=aws.function file=/home/michael/markdown-editor/src/lib/editor/plugins/markdownBackspacePlugin.ts
time=2025-11-03T00:12:01.243+11:00 level=INFO msg="file event" service=watcher path=/home/michael/markdown-editor/src/lib/editor/plugins/markdownBackspacePlugin.ts op=WRITE
time=2025-11-03T00:12:03.376+11:00 level=INFO msg="file event" service=watcher path=/home/michael/markdown-editor/src/lib/editor/plugins/markdownBackspacePlugin.ts op=WRITE
time=2025-11-03T00:12:03.377+11:00 level=INFO msg="file event" service=watcher path=/home/michael/markdown-editor/src/lib/editor/plugins/markdownBackspacePlugin.ts op=WRITE
time=2025-11-03T00:12:03.377+11:00 level=INFO msg="checking if code needs to be rebuilt" service=aws.function file=/home/michael/markdown-editor/src/lib/editor/plugins/markdownBackspacePlugin.ts
time=2025-11-03T00:12:03.377+11:00 level=INFO msg="waiting for trigger" service=deployer
time=2025-11-03T00:12:45.473+11:00 level=INFO msg="INFO msg service=appsync.connection type=ka id=<nil>"
time=2025-11-03T00:13:45.473+11:00 level=INFO msg="INFO msg service=appsync.connection type=ka id=<nil>"
time=2025-11-03T00:14:45.474+11:00 level=INFO msg="INFO msg service=appsync.connection type=ka id=<nil>"
time=2025-11-03T00:14:46.411+11:00 level=INFO msg="file event" service=watcher path=/home/michael/markdown-editor/src/lib/editor/plugins/markdownBackspacePlugin.ts op=WRITE
time=2025-11-03T00:14:46.412+11:00 level=INFO msg="waiting for trigger" service=deployer
time=2025-11-03T00:14:46.412+11:00 level=INFO msg="checking if code needs to be rebuilt" service=aws.function file=/home/michael/markdown-editor/src/lib/editor/plugins/markdownBackspacePlugin.ts
time=2025-11-03T00:14:46.412+11:00 level=INFO msg="file event" service=watcher path=/home/michael/markdown-editor/src/lib/editor/plugins/markdownBackspacePlugin.ts op=WRITE
time=2025-11-03T00:14:49.484+11:00 level=INFO msg="file event" service=watcher path=/home/michael/markdown-editor/src/lib/editor/plugins/markdownBackspacePlugin.ts op=WRITE
time=2025-11-03T00:14:49.484+11:00 level=INFO msg="file event" service=watcher path=/home/michael/markdown-editor/src/lib/editor/plugins/markdownBackspacePlugin.ts op=WRITE
time=2025-11-03T00:14:49.484+11:00 level=INFO msg="waiting for trigger" service=deployer
time=2025-11-03T00:14:49.484+11:00 level=INFO msg="checking if code needs to be rebuilt" service=aws.function file=/home/michael/markdown-editor/src/lib/editor/plugins/markdownBackspacePlugin.ts
time=2025-11-03T00:15:45.473+11:00 level=INFO msg="INFO msg service=appsync.connection type=ka id=<nil>"
time=2025-11-03T00:16:45.474+11:00 level=INFO msg="INFO msg service=appsync.connection type=ka id=<nil>"
time=2025-11-03T00:17:03.933+11:00 level=INFO msg="file event" service=watcher path=/home/michael/markdown-editor/src/lib/editor/plugins/markdownBackspacePlugin.ts op=WRITE
time=2025-11-03T00:17:03.934+11:00 level=INFO msg="waiting for trigger" service=deployer
time=2025-11-03T00:17:03.934+11:00 level=INFO msg="checking if code needs to be rebuilt" service=aws.function file=/home/michael/markdown-editor/src/lib/editor/plugins/markdownBackspacePlugin.ts
time=2025-11-03T00:17:03.934+11:00 level=INFO msg="file event" service=watcher path=/home/michael/markdown-editor/src/lib/editor/plugins/markdownBackspacePlugin.ts op=WRITE
time=2025-11-03T00:17:45.473+11:00 level=INFO msg="INFO msg service=appsync.connection type=ka id=<nil>"
time=2025-11-03T00:18:03.966+11:00 level=INFO msg="file event" service=watcher path=/home/michael/markdown-editor/src/lib/editor/plugins/wysiwymPlugin.ts op=WRITE
time=2025-11-03T00:18:03.966+11:00 level=INFO msg="waiting for trigger" service=deployer
time=2025-11-03T00:18:03.966+11:00 level=INFO msg="checking if code needs to be rebuilt" service=aws.function file=/home/michael/markdown-editor/src/lib/editor/plugins/wysiwymPlugin.ts
time=2025-11-03T00:18:03.966+11:00 level=INFO msg="file event" service=watcher path=/home/michael/markdown-editor/src/lib/editor/plugins/wysiwymPlugin.ts op=WRITE
time=2025-11-03T00:18:45.474+11:00 level=INFO msg="INFO msg service=appsync.connection type=ka id=<nil>"
time=2025-11-03T00:19:45.473+11:00 level=INFO msg="INFO msg service=appsync.connection type=ka id=<nil>"
time=2025-11-03T00:20:17.211+11:00 level=INFO msg="file event" service=watcher path=/home/michael/markdown-editor/src/lib/editor/plugins/markdownBackspacePlugin.ts op=WRITE
time=2025-11-03T00:20:17.212+11:00 level=INFO msg="waiting for trigger" service=deployer
time=2025-11-03T00:20:17.212+11:00 level=INFO msg="checking if code needs to be rebuilt" service=aws.function file=/home/michael/markdown-editor/src/lib/editor/plugins/markdownBackspacePlugin.ts
time=2025-11-03T00:20:17.212+11:00 level=INFO msg="file event" service=watcher path=/home/michael/markdown-editor/src/lib/editor/plugins/markdownBackspacePlugin.ts op=WRITE
time=2025-11-03T00:20:45.474+11:00 level=INFO msg="INFO msg service=appsync.connection type=ka id=<nil>"
time=2025-11-03T00:21:45.474+11:00 level=INFO msg="INFO msg service=appsync.connection type=ka id=<nil>"
time=2025-11-03T00:22:45.473+11:00 level=INFO msg="INFO msg service=appsync.connection type=ka id=<nil>"
time=2025-11-03T00:23:23.139+11:00 level=INFO msg="file event" service=watcher path=/home/michael/markdown-editor/src/lib/editor/plugins/markdownBackspacePlugin.ts op=WRITE
time=2025-11-03T00:23:23.139+11:00 level=INFO msg="file event" service=watcher path=/home/michael/markdown-editor/src/lib/editor/plugins/markdownBackspacePlugin.ts op=WRITE
time=2025-11-03T00:23:23.139+11:00 level=INFO msg="checking if code needs to be rebuilt" service=aws.function file=/home/michael/markdown-editor/src/lib/editor/plugins/markdownBackspacePlugin.ts
time=2025-11-03T00:23:23.139+11:00 level=INFO msg="waiting for trigger" service=deployer
time=2025-11-03T00:23:26.783+11:00 level=INFO msg="file event" service=watcher path=/home/michael/markdown-editor/src/lib/editor/plugins/markdownBackspacePlugin.ts op=WRITE
time=2025-11-03T00:23:26.783+11:00 level=INFO msg="file event" service=watcher path=/home/michael/markdown-editor/src/lib/editor/plugins/markdownBackspacePlugin.ts op=WRITE
time=2025-11-03T00:23:26.783+11:00 level=INFO msg="waiting for trigger" service=deployer
time=2025-11-03T00:23:26.783+11:00 level=INFO msg="checking if code needs to be rebuilt" service=aws.function file=/home/michael/markdown-editor/src/lib/editor/plugins/markdownBackspacePlugin.ts
time=2025-11-03T00:23:27.611+11:00 level=INFO msg="file event" service=watcher path=/home/michael/markdown-editor/src/lib/editor/plugins/markdownBackspacePlugin.ts op=WRITE
time=2025-11-03T00:23:27.611+11:00 level=INFO msg="waiting for trigger" service=deployer
time=2025-11-03T00:23:27.611+11:00 level=INFO msg="checking if code needs to be rebuilt" service=aws.function file=/home/michael/markdown-editor/src/lib/editor/plugins/markdownBackspacePlugin.ts
time=2025-11-03T00:23:27.611+11:00 level=INFO msg="file event" service=watcher path=/home/michael/markdown-editor/src/lib/editor/plugins/markdownBackspacePlugin.ts op=WRITE
time=2025-11-03T00:23:45.474+11:00 level=INFO msg="INFO msg service=appsync.connection type=ka id=<nil>"
time=2025-11-03T00:24:45.483+11:00 level=INFO msg="INFO msg service=appsync.connection type=ka id=<nil>"
time=2025-11-03T00:25:45.473+11:00 level=INFO msg="INFO msg service=appsync.connection type=ka id=<nil>"
time=2025-11-03T00:26:45.473+11:00 level=INFO msg="INFO msg service=appsync.connection type=ka id=<nil>"
time=2025-11-03T00:27:37.939+11:00 level=INFO msg="file event" service=watcher path=/home/michael/markdown-editor/src/lib/editor/plugins/markdownBackspacePlugin.ts op=WRITE
time=2025-11-03T00:27:37.939+11:00 level=INFO msg="waiting for trigger" service=deployer
time=2025-11-03T00:27:37.939+11:00 level=INFO msg="checking if code needs to be rebuilt" service=aws.function file=/home/michael/markdown-editor/src/lib/editor/plugins/markdownBackspacePlugin.ts
time=2025-11-03T00:27:45.473+11:00 level=INFO msg="INFO msg service=appsync.connection type=ka id=<nil>"
time=2025-11-03T00:28:04.895+11:00 level=INFO msg="file event" service=watcher path=/home/michael/markdown-editor/src/lib/editor/plugins/markdownBackspacePlugin.ts op=WRITE
time=2025-11-03T00:28:04.895+11:00 level=INFO msg="waiting for trigger" service=deployer
time=2025-11-03T00:28:04.895+11:00 level=INFO msg="checking if code needs to be rebuilt" service=aws.function file=/home/michael/markdown-editor/src/lib/editor/plugins/markdownBackspacePlugin.ts
time=2025-11-03T00:28:04.895+11:00 level=INFO msg="file event" service=watcher path=/home/michael/markdown-editor/src/lib/editor/plugins/markdownBackspacePlugin.ts op=WRITE
time=2025-11-03T00:28:11.315+11:00 level=INFO msg="file event" service=watcher path=/home/michael/markdown-editor/src/lib/editor/plugins/markdownBackspacePlugin.ts op=WRITE
time=2025-11-03T00:28:11.315+11:00 level=INFO msg="waiting for trigger" service=deployer
time=2025-11-03T00:28:11.315+11:00 level=INFO msg="checking if code needs to be rebuilt" service=aws.function file=/home/michael/markdown-editor/src/lib/editor/plugins/markdownBackspacePlugin.ts
time=2025-11-03T00:28:11.315+11:00 level=INFO msg="file event" service=watcher path=/home/michael/markdown-editor/src/lib/editor/plugins/markdownBackspacePlugin.ts op=WRITE
time=2025-11-03T00:28:23.642+11:00 level=INFO msg="file event" service=watcher path=/home/michael/markdown-editor/src/lib/editor/plugins/markdownBackspacePlugin.ts op=WRITE
time=2025-11-03T00:28:23.642+11:00 level=INFO msg="waiting for trigger" service=deployer
time=2025-11-03T00:28:23.642+11:00 level=INFO msg="checking if code needs to be rebuilt" service=aws.function file=/home/michael/markdown-editor/src/lib/editor/plugins/markdownBackspacePlugin.ts
time=2025-11-03T00:28:23.642+11:00 level=INFO msg="file event" service=watcher path=/home/michael/markdown-editor/src/lib/editor/plugins/markdownBackspacePlugin.ts op=WRITE
time=2025-11-03T00:28:25.242+11:00 level=INFO msg="file event" service=watcher path=/home/michael/markdown-editor/src/lib/editor/plugins/markdownBackspacePlugin.ts op=WRITE
time=2025-11-03T00:28:25.242+11:00 level=INFO msg="waiting for trigger" service=deployer
time=2025-11-03T00:28:25.242+11:00 level=INFO msg="checking if code needs to be rebuilt" service=aws.function file=/home/michael/markdown-editor/src/lib/editor/plugins/markdownBackspacePlugin.ts
time=2025-11-03T00:28:25.242+11:00 level=INFO msg="file event" service=watcher path=/home/michael/markdown-editor/src/lib/editor/plugins/markdownBackspacePlugin.ts op=WRITE
time=2025-11-03T00:28:27.129+11:00 level=INFO msg="file event" service=watcher path=/home/michael/markdown-editor/src/lib/editor/plugins/markdownBackspacePlugin.ts op=WRITE
time=2025-11-03T00:28:27.129+11:00 level=INFO msg="waiting for trigger" service=deployer
time=2025-11-03T00:28:27.129+11:00 level=INFO msg="file event" service=watcher path=/home/michael/markdown-editor/src/lib/editor/plugins/markdownBackspacePlugin.ts op=WRITE
time=2025-11-03T00:28:27.129+11:00 level=INFO msg="checking if code needs to be rebuilt" service=aws.function file=/home/michael/markdown-editor/src/lib/editor/plugins/markdownBackspacePlugin.ts
time=2025-11-03T00:28:45.474+11:00 level=INFO msg="INFO msg service=appsync.connection type=ka id=<nil>"
time=2025-11-03T00:29:45.474+11:00 level=INFO msg="INFO msg service=appsync.connection type=ka id=<nil>"
time=2025-11-03T00:30:45.474+11:00 level=INFO msg="INFO msg service=appsync.connection type=ka id=<nil>"
time=2025-11-03T00:31:14.720+11:00 level=INFO msg="file event" service=watcher path=/home/michael/markdown-editor/src/lib/editor/plugins/markdownEnterPlugin.ts op=WRITE
time=2025-11-03T00:31:14.720+11:00 level=INFO msg="file event" service=watcher path=/home/michael/markdown-editor/src/lib/editor/plugins/markdownEnterPlugin.ts op=WRITE
time=2025-11-03T00:31:14.720+11:00 level=INFO msg="waiting for trigger" service=deployer
time=2025-11-03T00:31:14.720+11:00 level=INFO msg="checking if code needs to be rebuilt" service=aws.function file=/home/michael/markdown-editor/src/lib/editor/plugins/markdownEnterPlugin.ts
time=2025-11-03T00:31:45.473+11:00 level=INFO msg="INFO msg service=appsync.connection type=ka id=<nil>"
time=2025-11-03T00:32:45.473+11:00 level=INFO msg="INFO msg service=appsync.connection type=ka id=<nil>"
time=2025-11-03T00:33:45.473+11:00 level=INFO msg="INFO msg service=appsync.connection type=ka id=<nil>"
time=2025-11-03T00:34:45.474+11:00 level=INFO msg="INFO msg service=appsync.connection type=ka id=<nil>"
time=2025-11-03T00:35:37.921+11:00 level=INFO msg="file event" service=watcher path=/home/michael/markdown-editor/src/lib/editor/plugins/markdownEnterPlugin.ts op=WRITE
time=2025-11-03T00:35:37.921+11:00 level=INFO msg="file event" service=watcher path=/home/michael/markdown-editor/src/lib/editor/plugins/markdownEnterPlugin.ts op=WRITE
time=2025-11-03T00:35:37.921+11:00 level=INFO msg="waiting for trigger" service=deployer
time=2025-11-03T00:35:37.921+11:00 level=INFO msg="checking if code needs to be rebuilt" service=aws.function file=/home/michael/markdown-editor/src/lib/editor/plugins/markdownEnterPlugin.ts
time=2025-11-03T00:35:43.874+11:00 level=INFO msg="file event" service=watcher path=/home/michael/markdown-editor/src/lib/editor/plugins/markdownEnterPlugin.ts op=WRITE
time=2025-11-03T00:35:43.874+11:00 level=INFO msg="waiting for trigger" service=deployer
time=2025-11-03T00:35:43.874+11:00 level=INFO msg="checking if code needs to be rebuilt" service=aws.function file=/home/michael/markdown-editor/src/lib/editor/plugins/markdownEnterPlugin.ts
time=2025-11-03T00:35:43.874+11:00 level=INFO msg="file event" service=watcher path=/home/michael/markdown-editor/src/lib/editor/plugins/markdownEnterPlugin.ts op=WRITE
time=2025-11-03T00:35:45.473+11:00 level=INFO msg="INFO msg service=appsync.connection type=ka id=<nil>"
time=2025-11-03T00:35:47.789+11:00 level=INFO msg="file event" service=watcher path=/home/michael/markdown-editor/src/lib/editor/plugins/markdownEnterPlugin.ts op=WRITE
time=2025-11-03T00:35:47.789+11:00 level=INFO msg="file event" service=watcher path=/home/michael/markdown-editor/src/lib/editor/plugins/markdownEnterPlugin.ts op=WRITE
time=2025-11-03T00:35:47.789+11:00 level=INFO msg="waiting for trigger" service=deployer
time=2025-11-03T00:35:47.789+11:00 level=INFO msg="checking if code needs to be rebuilt" service=aws.function file=/home/michael/markdown-editor/src/lib/editor/plugins/markdownEnterPlugin.ts
time=2025-11-03T00:36:29.649+11:00 level=INFO msg="file event" service=watcher path=/home/michael/markdown-editor/src/lib/editor/plugins/markdownDeletePlugin.ts op=CREATE
time=2025-11-03T00:36:29.649+11:00 level=INFO msg="waiting for trigger" service=deployer
time=2025-11-03T00:36:29.649+11:00 level=INFO msg="checking if code needs to be rebuilt" service=aws.function file=/home/michael/markdown-editor/src/lib/editor/plugins/markdownDeletePlugin.ts
time=2025-11-03T00:36:31.424+11:00 level=INFO msg="file event" service=watcher path=/home/michael/markdown-editor/src/lib/editor/plugins/markdownDeletePlugin.ts op=WRITE
time=2025-11-03T00:36:31.424+11:00 level=INFO msg="waiting for trigger" service=deployer
time=2025-11-03T00:36:31.424+11:00 level=INFO msg="file event" service=watcher path=/home/michael/markdown-editor/src/lib/editor/plugins/markdownDeletePlugin.ts op=WRITE
time=2025-11-03T00:36:31.424+11:00 level=INFO msg="checking if code needs to be rebuilt" service=aws.function file=/home/michael/markdown-editor/src/lib/editor/plugins/markdownDeletePlugin.ts
time=2025-11-03T00:36:37.537+11:00 level=INFO msg="file event" service=watcher path=/home/michael/markdown-editor/src/lib/editor/plugins/markdownDeletePlugin.ts op=WRITE
time=2025-11-03T00:36:37.537+11:00 level=INFO msg="file event" service=watcher path=/home/michael/markdown-editor/src/lib/editor/plugins/markdownDeletePlugin.ts op=WRITE
time=2025-11-03T00:36:37.537+11:00 level=INFO msg="waiting for trigger" service=deployer
time=2025-11-03T00:36:37.537+11:00 level=INFO msg="checking if code needs to be rebuilt" service=aws.function file=/home/michael/markdown-editor/src/lib/editor/plugins/markdownDeletePlugin.ts
time=2025-11-03T00:36:45.474+11:00 level=INFO msg="INFO msg service=appsync.connection type=ka id=<nil>"
time=2025-11-03T00:36:51.665+11:00 level=INFO msg="file event" service=watcher path=/home/michael/markdown-editor/src/lib/editor/plugins/markdownDeletePlugin.ts op=WRITE
time=2025-11-03T00:36:51.665+11:00 level=INFO msg="waiting for trigger" service=deployer
time=2025-11-03T00:36:51.665+11:00 level=INFO msg="checking if code needs to be rebuilt" service=aws.function file=/home/michael/markdown-editor/src/lib/editor/plugins/markdownDeletePlugin.ts
time=2025-11-03T00:36:51.665+11:00 level=INFO msg="file event" service=watcher path=/home/michael/markdown-editor/src/lib/editor/plugins/markdownDeletePlugin.ts op=WRITE
time=2025-11-03T00:37:10.488+11:00 level=INFO msg="file event" service=watcher path=/home/michael/markdown-editor/src/lib/editor/plugins/markdownDeletePlugin.ts op=WRITE
time=2025-11-03T00:37:10.488+11:00 level=INFO msg="waiting for trigger" service=deployer
time=2025-11-03T00:37:10.488+11:00 level=INFO msg="file event" service=watcher path=/home/michael/markdown-editor/src/lib/editor/plugins/markdownDeletePlugin.ts op=WRITE
time=2025-11-03T00:37:10.488+11:00 level=INFO msg="checking if code needs to be rebuilt" service=aws.function file=/home/michael/markdown-editor/src/lib/editor/plugins/markdownDeletePlugin.ts
time=2025-11-03T00:37:25.974+11:00 level=INFO msg="file event" service=watcher path=/home/michael/markdown-editor/src/lib/editor/plugins/markdownArrowPlugin.ts op=CREATE
time=2025-11-03T00:37:25.974+11:00 level=INFO msg="checking if code needs to be rebuilt" service=aws.function file=/home/michael/markdown-editor/src/lib/editor/plugins/markdownArrowPlugin.ts
time=2025-11-03T00:37:25.974+11:00 level=INFO msg="waiting for trigger" service=deployer
time=2025-11-03T00:37:27.460+11:00 level=INFO msg="file event" service=watcher path=/home/michael/markdown-editor/src/lib/editor/plugins/markdownArrowPlugin.ts op=WRITE
time=2025-11-03T00:37:27.461+11:00 level=INFO msg="waiting for trigger" service=deployer
time=2025-11-03T00:37:27.461+11:00 level=INFO msg="checking if code needs to be rebuilt" service=aws.function file=/home/michael/markdown-editor/src/lib/editor/plugins/markdownArrowPlugin.ts
time=2025-11-03T00:37:27.461+11:00 level=INFO msg="file event" service=watcher path=/home/michael/markdown-editor/src/lib/editor/plugins/markdownArrowPlugin.ts op=WRITE
time=2025-11-03T00:37:35.752+11:00 level=INFO msg="file event" service=watcher path=/home/michael/markdown-editor/src/lib/editor/plugins/markdownArrowPlugin.ts op=WRITE
time=2025-11-03T00:37:35.752+11:00 level=INFO msg="waiting for trigger" service=deployer
time=2025-11-03T00:37:35.752+11:00 level=INFO msg="checking if code needs to be rebuilt" service=aws.function file=/home/michael/markdown-editor/src/lib/editor/plugins/markdownArrowPlugin.ts
time=2025-11-03T00:37:35.752+11:00 level=INFO msg="file event" service=watcher path=/home/michael/markdown-editor/src/lib/editor/plugins/markdownArrowPlugin.ts op=WRITE
time=2025-11-03T00:37:45.474+11:00 level=INFO msg="INFO msg service=appsync.connection type=ka id=<nil>"
time=2025-11-03T00:37:47.325+11:00 level=INFO msg="file event" service=watcher path=/home/michael/markdown-editor/src/lib/editor/plugins/markdownArrowPlugin.ts op=WRITE
time=2025-11-03T00:37:47.325+11:00 level=INFO msg="file event" service=watcher path=/home/michael/markdown-editor/src/lib/editor/plugins/markdownArrowPlugin.ts op=WRITE
time=2025-11-03T00:37:47.325+11:00 level=INFO msg="waiting for trigger" service=deployer
time=2025-11-03T00:37:47.325+11:00 level=INFO msg="checking if code needs to be rebuilt" service=aws.function file=/home/michael/markdown-editor/src/lib/editor/plugins/markdownArrowPlugin.ts
time=2025-11-03T00:37:50.351+11:00 level=INFO msg="file event" service=watcher path=/home/michael/markdown-editor/src/lib/editor/plugins/markdownArrowPlugin.ts op=WRITE
time=2025-11-03T00:37:50.351+11:00 level=INFO msg="waiting for trigger" service=deployer
time=2025-11-03T00:37:50.351+11:00 level=INFO msg="checking if code needs to be rebuilt" service=aws.function file=/home/michael/markdown-editor/src/lib/editor/plugins/markdownArrowPlugin.ts
time=2025-11-03T00:37:50.352+11:00 level=INFO msg="file event" service=watcher path=/home/michael/markdown-editor/src/lib/editor/plugins/markdownArrowPlugin.ts op=WRITE
time=2025-11-03T00:38:02.442+11:00 level=INFO msg="file event" service=watcher path=/home/michael/markdown-editor/src/lib/editor/plugins/markdownTabPlugin.ts op=CREATE
time=2025-11-03T00:38:02.442+11:00 level=INFO msg="waiting for trigger" service=deployer
time=2025-11-03T00:38:02.442+11:00 level=INFO msg="checking if code needs to be rebuilt" service=aws.function file=/home/michael/markdown-editor/src/lib/editor/plugins/markdownTabPlugin.ts
time=2025-11-03T00:38:04.390+11:00 level=INFO msg="file event" service=watcher path=/home/michael/markdown-editor/src/lib/editor/plugins/markdownTabPlugin.ts op=WRITE
time=2025-11-03T00:38:04.390+11:00 level=INFO msg="checking if code needs to be rebuilt" service=aws.function file=/home/michael/markdown-editor/src/lib/editor/plugins/markdownTabPlugin.ts
time=2025-11-03T00:38:04.390+11:00 level=INFO msg="waiting for trigger" service=deployer
time=2025-11-03T00:38:04.390+11:00 level=INFO msg="file event" service=watcher path=/home/michael/markdown-editor/src/lib/editor/plugins/markdownTabPlugin.ts op=WRITE
time=2025-11-03T00:38:05.314+11:00 level=INFO msg="file event" service=watcher path=/home/michael/markdown-editor/src/lib/editor/plugins/markdownTabPlugin.ts op=WRITE
time=2025-11-03T00:38:05.314+11:00 level=INFO msg="waiting for trigger" service=deployer
time=2025-11-03T00:38:05.314+11:00 level=INFO msg="file event" service=watcher path=/home/michael/markdown-editor/src/lib/editor/plugins/markdownTabPlugin.ts op=WRITE
time=2025-11-03T00:38:05.314+11:00 level=INFO msg="checking if code needs to be rebuilt" service=aws.function file=/home/michael/markdown-editor/src/lib/editor/plugins/markdownTabPlugin.ts
time=2025-11-03T00:38:11.396+11:00 level=INFO msg="file event" service=watcher path=/home/michael/markdown-editor/src/lib/editor/plugins/markdownTabPlugin.ts op=WRITE
time=2025-11-03T00:38:11.396+11:00 level=INFO msg="waiting for trigger" service=deployer
time=2025-11-03T00:38:11.396+11:00 level=INFO msg="checking if code needs to be rebuilt" service=aws.function file=/home/michael/markdown-editor/src/lib/editor/plugins/markdownTabPlugin.ts
time=2025-11-03T00:38:11.396+11:00 level=INFO msg="file event" service=watcher path=/home/michael/markdown-editor/src/lib/editor/plugins/markdownTabPlugin.ts op=WRITE
time=2025-11-03T00:38:14.515+11:00 level=INFO msg="file event" service=watcher path=/home/michael/markdown-editor/src/lib/editor/setupProseMirror.ts op=WRITE
time=2025-11-03T00:38:14.515+11:00 level=INFO msg="waiting for trigger" service=deployer
time=2025-11-03T00:38:14.515+11:00 level=INFO msg="checking if code needs to be rebuilt" service=aws.function file=/home/michael/markdown-editor/src/lib/editor/setupProseMirror.ts
time=2025-11-03T00:38:14.515+11:00 level=INFO msg="file event" service=watcher path=/home/michael/markdown-editor/src/lib/editor/setupProseMirror.ts op=WRITE
time=2025-11-03T00:38:31.382+11:00 level=INFO msg="file event" service=watcher path=/home/michael/markdown-editor/src/lib/editor/setupProseMirror.ts op=WRITE
time=2025-11-03T00:38:31.382+11:00 level=INFO msg="waiting for trigger" service=deployer
time=2025-11-03T00:38:31.382+11:00 level=INFO msg="checking if code needs to be rebuilt" service=aws.function file=/home/michael/markdown-editor/src/lib/editor/setupProseMirror.ts
time=2025-11-03T00:38:31.382+11:00 level=INFO msg="file event" service=watcher path=/home/michael/markdown-editor/src/lib/editor/setupProseMirror.ts op=WRITE
time=2025-11-03T00:38:45.473+11:00 level=INFO msg="INFO msg service=appsync.connection type=ka id=<nil>"
time=2025-11-03T00:38:46.435+11:00 level=INFO msg="file event" service=watcher path=/home/michael/markdown-editor/src/lib/editor/setupProseMirror.ts op=WRITE
time=2025-11-03T00:38:46.435+11:00 level=INFO msg="file event" service=watcher path=/home/michael/markdown-editor/src/lib/editor/setupProseMirror.ts op=WRITE
time=2025-11-03T00:38:46.435+11:00 level=INFO msg="waiting for trigger" service=deployer
time=2025-11-03T00:38:46.435+11:00 level=INFO msg="checking if code needs to be rebuilt" service=aws.function file=/home/michael/markdown-editor/src/lib/editor/setupProseMirror.ts
time=2025-11-03T00:38:50.830+11:00 level=INFO msg="file event" service=watcher path=/home/michael/markdown-editor/src/lib/editor/setupProseMirror.ts op=WRITE
time=2025-11-03T00:38:50.830+11:00 level=INFO msg="file event" service=watcher path=/home/michael/markdown-editor/src/lib/editor/setupProseMirror.ts op=WRITE
time=2025-11-03T00:38:50.830+11:00 level=INFO msg="waiting for trigger" service=deployer
time=2025-11-03T00:38:50.830+11:00 level=INFO msg="checking if code needs to be rebuilt" service=aws.function file=/home/michael/markdown-editor/src/lib/editor/setupProseMirror.ts
time=2025-11-03T00:38:54.662+11:00 level=INFO msg="file event" service=watcher path=/home/michael/markdown-editor/src/lib/editor/setupProseMirror.ts op=WRITE
time=2025-11-03T00:38:54.662+11:00 level=INFO msg="waiting for trigger" service=deployer
time=2025-11-03T00:38:54.662+11:00 level=INFO msg="checking if code needs to be rebuilt" service=aws.function file=/home/michael/markdown-editor/src/lib/editor/setupProseMirror.ts
time=2025-11-03T00:38:54.662+11:00 level=INFO msg="file event" service=watcher path=/home/michael/markdown-editor/src/lib/editor/setupProseMirror.ts op=WRITE
time=2025-11-03T00:39:45.473+11:00 level=INFO msg="INFO msg service=appsync.connection type=ka id=<nil>"
time=2025-11-03T00:40:45.473+11:00 level=INFO msg="INFO msg service=appsync.connection type=ka id=<nil>"
time=2025-11-03T00:41:45.474+11:00 level=INFO msg="INFO msg service=appsync.connection type=ka id=<nil>"
time=2025-11-03T00:41:47.819+11:00 level=INFO msg="file event" service=watcher path=/home/michael/markdown-editor/src/lib/editor/plugins/markdownBackspacePlugin.ts op=WRITE
time=2025-11-03T00:41:47.819+11:00 level=INFO msg="waiting for trigger" service=deployer
time=2025-11-03T00:41:47.819+11:00 level=INFO msg="checking if code needs to be rebuilt" service=aws.function file=/home/michael/markdown-editor/src/lib/editor/plugins/markdownBackspacePlugin.ts
time=2025-11-03T00:41:47.819+11:00 level=INFO msg="file event" service=watcher path=/home/michael/markdown-editor/src/lib/editor/plugins/markdownBackspacePlugin.ts op=WRITE
time=2025-11-03T00:42:18.038+11:00 level=INFO msg="file event" service=watcher path=/home/michael/markdown-editor/src/lib/editor/plugins/markdownBackspacePlugin.ts op=WRITE
time=2025-11-03T00:42:18.038+11:00 level=INFO msg="file event" service=watcher path=/home/michael/markdown-editor/src/lib/editor/plugins/markdownBackspacePlugin.ts op=WRITE
time=2025-11-03T00:42:18.038+11:00 level=INFO msg="waiting for trigger" service=deployer
time=2025-11-03T00:42:18.038+11:00 level=INFO msg="checking if code needs to be rebuilt" service=aws.function file=/home/michael/markdown-editor/src/lib/editor/plugins/markdownBackspacePlugin.ts
time=2025-11-03T00:42:20.379+11:00 level=INFO msg="file event" service=watcher path=/home/michael/markdown-editor/src/lib/editor/plugins/markdownBackspacePlugin.ts op=WRITE
time=2025-11-03T00:42:20.379+11:00 level=INFO msg="waiting for trigger" service=deployer
time=2025-11-03T00:42:20.379+11:00 level=INFO msg="checking if code needs to be rebuilt" service=aws.function file=/home/michael/markdown-editor/src/lib/editor/plugins/markdownBackspacePlugin.ts
time=2025-11-03T00:42:20.379+11:00 level=INFO msg="file event" service=watcher path=/home/michael/markdown-editor/src/lib/editor/plugins/markdownBackspacePlugin.ts op=WRITE
time=2025-11-03T00:42:45.474+11:00 level=INFO msg="INFO msg service=appsync.connection type=ka id=<nil>"
time=2025-11-03T00:43:45.473+11:00 level=INFO msg="INFO msg service=appsync.connection type=ka id=<nil>"
time=2025-11-03T00:44:45.473+11:00 level=INFO msg="INFO msg service=appsync.connection type=ka id=<nil>"
time=2025-11-03T00:45:45.473+11:00 level=INFO msg="INFO msg service=appsync.connection type=ka id=<nil>"
time=2025-11-03T00:46:45.474+11:00 level=INFO msg="INFO msg service=appsync.connection type=ka id=<nil>"
time=2025-11-03T00:47:45.473+11:00 level=INFO msg="INFO msg service=appsync.connection type=ka id=<nil>"
time=2025-11-03T00:48:45.473+11:00 level=INFO msg="INFO msg service=appsync.connection type=ka id=<nil>"
time=2025-11-03T00:49:42.601+11:00 level=INFO msg="file event" service=watcher path=/home/michael/markdown-editor/src/lib/editor/tasks/markdownTaskSupport.ts op=WRITE
time=2025-11-03T00:49:42.601+11:00 level=INFO msg="waiting for trigger" service=deployer
time=2025-11-03T00:49:42.601+11:00 level=INFO msg="checking if code needs to be rebuilt" service=aws.function file=/home/michael/markdown-editor/src/lib/editor/tasks/markdownTaskSupport.ts
time=2025-11-03T00:49:42.601+11:00 level=INFO msg="file event" service=watcher path=/home/michael/markdown-editor/src/lib/editor/tasks/markdownTaskSupport.ts op=WRITE
time=2025-11-03T00:49:42.711+11:00 level=INFO msg="file event" service=watcher path=/home/michael/markdown-editor/src/lib/editor/tasks/markdownTaskSupport.ts op=WRITE
time=2025-11-03T00:49:42.711+11:00 level=INFO msg="file event" service=watcher path=/home/michael/markdown-editor/src/lib/editor/tasks/markdownTaskSupport.ts op=WRITE
time=2025-11-03T00:49:45.473+11:00 level=INFO msg="INFO msg service=appsync.connection type=ka id=<nil>"
time=2025-11-03T00:50:01.982+11:00 level=INFO msg="file event" service=watcher path=/home/michael/markdown-editor/src/lib/editor/SvelteMarkdownEditor.svelte op=WRITE
time=2025-11-03T00:50:01.982+11:00 level=INFO msg="waiting for trigger" service=deployer
time=2025-11-03T00:50:01.982+11:00 level=INFO msg="checking if code needs to be rebuilt" service=aws.function file=/home/michael/markdown-editor/src/lib/editor/SvelteMarkdownEditor.svelte
time=2025-11-03T00:50:01.983+11:00 level=INFO msg="file event" service=watcher path=/home/michael/markdown-editor/src/lib/editor/SvelteMarkdownEditor.svelte op=WRITE
time=2025-11-03T00:50:15.422+11:00 level=INFO msg="file event" service=watcher path=/home/michael/markdown-editor/src/lib/editor/setupProseMirror.ts op=WRITE
time=2025-11-03T00:50:15.422+11:00 level=INFO msg="waiting for trigger" service=deployer
time=2025-11-03T00:50:15.422+11:00 level=INFO msg="checking if code needs to be rebuilt" service=aws.function file=/home/michael/markdown-editor/src/lib/editor/setupProseMirror.ts
time=2025-11-03T00:50:15.422+11:00 level=INFO msg="file event" service=watcher path=/home/michael/markdown-editor/src/lib/editor/setupProseMirror.ts op=WRITE
time=2025-11-03T00:50:31.478+11:00 level=INFO msg=interrupted
time=2025-11-03T00:50:31.478+11:00 level=INFO msg=done service=aws.task
time=2025-11-03T00:50:31.478+11:00 level=INFO msg=done service=watcher
time=2025-11-03T00:50:31.478+11:00 level=INFO msg=done service=dev
time=2025-11-03T00:50:31.478+11:00 level=INFO msg=done service=deployer
time=2025-11-03T00:50:31.478+11:00 level=INFO msg="shutting down server" service=server
time=2025-11-03T00:50:31.478+11:00 level=INFO msg="INFO connection closed service=appsync.connection"
time=2025-11-03T00:50:31.478+11:00 level=INFO msg="server done" service=server
time=2025-11-03T00:50:31.478+11:00 level=INFO msg="done mosaic" err=<nil>
time=2025-11-03T00:50:31.478+11:00 level=INFO msg="killing process" pid=2230784
time=2025-11-03T00:50:31.478+11:00 level=INFO msg="killing process" pid=2230704
time=2025-11-03T00:50:31.478+11:00 level=INFO msg="killing process" pid=2230705
time=2025-11-03T00:50:31.788+11:00 level=INFO msg="process killed with term" pid=2230704
time=2025-11-03T00:50:31.788+11:00 level=INFO msg="untracked process" pid=2230704
time=2025-11-03T00:50:31.810+11:00 level=INFO msg="process killed with term" pid=2230784
time=2025-11-03T00:50:31.810+11:00 level=INFO msg="untracked process" pid=2230784
time=2025-11-03T00:50:32.162+11:00 level=INFO msg="process killed with term" pid=2230705
time=2025-11-03T00:50:32.162+11:00 level=INFO msg="untracked process" pid=2230705
